<?xml version="1.0" encoding="UTF-8"?>
<logger class="org.jpos.util.DailyLogListener">
<log realm="rotate-log-listener" at="Mon Aug 10 00:00:00 EAT 2020">
   maxage feature is disabled.
</log>
<log realm="Q2.system" at="2020-08-10T00:07:06.590">
  <version>
    jPOS 2.1.2 master/6f9379a (2018-09-19 16:33:22 ART) 

-----BEGIN PGP SIGNED MESSAGE-----
Hash: SHA1

jPOS Community Edition, licensed under GNU AGPL v3.0.
This software is probably not suitable for commercial use.
Please see http://jpos.org/license for details.

-----BEGIN PGP SIGNATURE-----
Version: GnuPG v1.4.9 (Darwin)

iQEcBAEBAgAGBQJMolHDAAoJEOQyeO71nYtFv74H/3OgehDGEy1VXp2U3/GcAobg
HH2eZjPUz53r38ARPiU3pzm9LwDa3WZgJJaa/b9VrJwKvbPwe9+0kY3gScDE1skT
ladHt+KHHmGQArEutkzHlpZa73RbroFEIa1qmN6MaDEHGoxZqDh0Sv2cpvOaVYGO
St8ZaddLBPC17bSjAPWo9sWbvL7FgPFOHhnPmbeux8SLtnfWxXWsgo5hLBanKmO1
1z+I/w/6DL6ZYZU6bAJUk+eyVVImJqw0x3IEElI07Nh9MC6BA4iJ77ejobj8HI2r
q9ulRPEqH9NR79619lNKVUkE206dVlXo7xHmJS1QZy5v/GT66xBxyDVfTduPFXk=
=oP+v
-----END PGP SIGNATURE-----

  </version>
</log>
<log realm="Q2.system" at="2020-08-10T01:07:06.994">
  <version>
    jPOS 2.1.2 master/6f9379a (2018-09-19 16:33:22 ART) 

-----BEGIN PGP SIGNED MESSAGE-----
Hash: SHA1

jPOS Community Edition, licensed under GNU AGPL v3.0.
This software is probably not suitable for commercial use.
Please see http://jpos.org/license for details.

-----BEGIN PGP SIGNATURE-----
Version: GnuPG v1.4.9 (Darwin)

iQEcBAEBAgAGBQJMolHDAAoJEOQyeO71nYtFv74H/3OgehDGEy1VXp2U3/GcAobg
HH2eZjPUz53r38ARPiU3pzm9LwDa3WZgJJaa/b9VrJwKvbPwe9+0kY3gScDE1skT
ladHt+KHHmGQArEutkzHlpZa73RbroFEIa1qmN6MaDEHGoxZqDh0Sv2cpvOaVYGO
St8ZaddLBPC17bSjAPWo9sWbvL7FgPFOHhnPmbeux8SLtnfWxXWsgo5hLBanKmO1
1z+I/w/6DL6ZYZU6bAJUk+eyVVImJqw0x3IEElI07Nh9MC6BA4iJ77ejobj8HI2r
q9ulRPEqH9NR79619lNKVUkE206dVlXo7xHmJS1QZy5v/GT66xBxyDVfTduPFXk=
=oP+v
-----END PGP SIGNATURE-----

  </version>
</log>
<log realm="Q2.system" at="2020-08-10T02:07:07.015">
  <version>
    jPOS 2.1.2 master/6f9379a (2018-09-19 16:33:22 ART) 

-----BEGIN PGP SIGNED MESSAGE-----
Hash: SHA1

jPOS Community Edition, licensed under GNU AGPL v3.0.
This software is probably not suitable for commercial use.
Please see http://jpos.org/license for details.

-----BEGIN PGP SIGNATURE-----
Version: GnuPG v1.4.9 (Darwin)

iQEcBAEBAgAGBQJMolHDAAoJEOQyeO71nYtFv74H/3OgehDGEy1VXp2U3/GcAobg
HH2eZjPUz53r38ARPiU3pzm9LwDa3WZgJJaa/b9VrJwKvbPwe9+0kY3gScDE1skT
ladHt+KHHmGQArEutkzHlpZa73RbroFEIa1qmN6MaDEHGoxZqDh0Sv2cpvOaVYGO
St8ZaddLBPC17bSjAPWo9sWbvL7FgPFOHhnPmbeux8SLtnfWxXWsgo5hLBanKmO1
1z+I/w/6DL6ZYZU6bAJUk+eyVVImJqw0x3IEElI07Nh9MC6BA4iJ77ejobj8HI2r
q9ulRPEqH9NR79619lNKVUkE206dVlXo7xHmJS1QZy5v/GT66xBxyDVfTduPFXk=
=oP+v
-----END PGP SIGNATURE-----

  </version>
</log>
<log realm="org.jpos.q2.qbean.SystemMonitor" at="2020-08-10T03:07:01.253">
  <info>
               OS: Windows 10 (10.0)
             Java: 1.8.0_221 (Oracle Corporation) AES-secure
     process name: 15808@DESKTOP-4DN7F97
        user name: user
             host: DESKTOP-4DN7F97/127.0.0.1
              cwd: C:\Users\user\Downloads\gatewaytraining (1)\gatewaytraining
       free space: 165.6 GiB
          version: 2.1.2 (6f9379a)
         instance: ffc6d8c0-3633-40b7-af7a-a882fe7a07b2
           uptime: 10:00:02.073 (-1.000000)
       processors: 8
           drift : 5
    memory(t/u/f): 437/273/163
         encoding: UTF-8
         timezone: Africa/Nairobi (Eastern Africa Time) +03:00
    watch service: sun.nio.fs.WindowsWatchService
            clock: 1597018021 2020-08-10T00:07:01.253Z
     thread count: 68
     peak threads: 74
     user threads: 62
            Thread[Reference Handler,10,system]
            Thread[Finalizer,8,system]
            Thread[Signal Dispatcher,9,system]
            Thread[Attach Listener,5,system]
            Thread[RMI TCP Accept-0,5,system]
            Thread[RMI Scheduler(0),5,system]
            Thread[Monitor Ctrl-Break,5,main]
            Thread[Catalina-utility-1,1,main]
            Thread[Catalina-utility-2,1,main]
            Thread[container-0,5,main]
            Thread[http-nio-6000-BlockPoller,5,main]
            Thread[http-nio-6000-exec-1,5,main]
            Thread[http-nio-6000-exec-2,5,main]
            Thread[http-nio-6000-exec-3,5,main]
            Thread[http-nio-6000-exec-4,5,main]
            Thread[http-nio-6000-exec-5,5,main]
            Thread[http-nio-6000-exec-6,5,main]
            Thread[http-nio-6000-exec-7,5,main]
            Thread[http-nio-6000-exec-8,5,main]
            Thread[http-nio-6000-exec-9,5,main]
            Thread[HikariPool-1 housekeeper,5,main]
            Thread[http-nio-6000-exec-10,5,main]
            Thread[http-nio-6000-ClientPoller,5,main]
            Thread[http-nio-6000-Acceptor,5,main]
            Thread[pool-1-thread-1,5,main]
            Thread[Q2-ffc6d8c0-3633-40b7-af7a-a882fe7a07b2,5,main]
            Thread[Thread-172,5,main]
            Thread[Timer-0,5,main]
            Thread[Timer-1,5,main]
            Thread[Thread-179,5,main]
            Thread[FileDeletionDetector,5,main]
            Thread[LogFlusher,5,main]
            Thread[DataCorruptionVerifier,5,main]
            Thread[INCompressor,5,main]
            Thread[Cleaner-1,5,main]
            Thread[Checkpointer,5,main]
            Thread[StatCapture,5,main]
            Thread[Thread-183,5,main]
            Thread[DestroyJavaVM,5,main]
            Thread[Timer-2,5,main]
            Thread[SimpleTransactionManager-0:idle,5,main]
            Thread[SimpleTransactionManager-1:idle,5,main]
            Thread[SimpleTransactionManager-2:idle,5,main]
            Thread[SimpleTransactionManager-4:idle,5,main]
            Thread[SimpleTransactionManager-3:idle,5,main]
            Thread[SimpleTransactionManager-5:idle,5,main]
            Thread[SimpleTransactionManager-6:idle,5,main]
            Thread[SimpleTransactionManager-7:idle,5,main]
            Thread[SimpleTransactionManager-8:idle,5,main]
            Thread[SimpleTransactionManager-10:idle,5,main]
            Thread[SimpleTransactionManager-9:idle,5,main]
            Thread[SimpleTransactionManager-11:idle,5,main]
            Thread[SimpleTransactionManager-12:idle,5,main]
            Thread[SimpleTransactionManager-14:idle,5,main]
            Thread[SimpleTransactionManager-13:idle,5,main]
            Thread[SimpleTransactionManager-15:idle,5,main]
            Thread[SimpleTransactionManager-16:idle,5,main]
            Thread[SimpleTransactionManager-17:idle,5,main]
            Thread[SimpleTransactionManager-18:idle,5,main]
            Thread[SimpleTransactionManager-21:idle,5,main]
            Thread[SimpleTransactionManager-20:idle,5,main]
            Thread[SimpleTransactionManager-19:idle,5,main]
            Thread[SimpleTransactionManager-22:idle,5,main]
            Thread[SimpleTransactionManager-23:idle,5,main]
            Thread[pool-2-thread-1,5,main]
            Thread[SimpleTransactionManager-input-queue-monitor,5,main]
            Thread[SystemMonitor,5,main]
            Thread[ISOServer-ThreadPool.PooledThread-0-idle,5,ISOServer-ThreadPool-0]
    name-registrar:
      tspace:default: org.jpos.space.TSpace
         key-count: 0
            gcinfo: 0,0
      tspace:txnmgr: org.jpos.space.TSpace
         key-count: 0
            gcinfo: 0,0
      ISOServer: org.jpos.q2.iso.QServer
      Q2: org.jpos.q2.Q2
      server.ISOServer: org.jpos.iso.ISOServer
        connected=0, rx=0, tx=0, last=1596995589210, idle=22432043ms
      logger.Q2: org.jpos.util.Logger
      transient:default: org.jpos.space.TSpace
        <key count='1'>$TAILLOCK.1004860048</key>
         key-count: 1
            gcinfo: 0,0
      logger.Q2.buffered: org.jpos.util.BufferedLogListener
      je:txnmgr: org.jpos.space.JESpace
        <key size='1'>$HEAD</key>
        <key size='1'>$TAIL</key>
        <keycount>2</keycount>
      SimpleTransactionManager: org.jpos.transaction.TransactionManager
        in-transit=0/0, head=1, tail=1, paused=0, outstanding=0, active-sessions=24/4096, tps=0, peak=0, avg=0.00
  </info>
</log>
<log realm="Q2.system" at="2020-08-10T03:07:07.871">
  <version>
    jPOS 2.1.2 master/6f9379a (2018-09-19 16:33:22 ART) 

-----BEGIN PGP SIGNED MESSAGE-----
Hash: SHA1

jPOS Community Edition, licensed under GNU AGPL v3.0.
This software is probably not suitable for commercial use.
Please see http://jpos.org/license for details.

-----BEGIN PGP SIGNATURE-----
Version: GnuPG v1.4.9 (Darwin)

iQEcBAEBAgAGBQJMolHDAAoJEOQyeO71nYtFv74H/3OgehDGEy1VXp2U3/GcAobg
HH2eZjPUz53r38ARPiU3pzm9LwDa3WZgJJaa/b9VrJwKvbPwe9+0kY3gScDE1skT
ladHt+KHHmGQArEutkzHlpZa73RbroFEIa1qmN6MaDEHGoxZqDh0Sv2cpvOaVYGO
St8ZaddLBPC17bSjAPWo9sWbvL7FgPFOHhnPmbeux8SLtnfWxXWsgo5hLBanKmO1
1z+I/w/6DL6ZYZU6bAJUk+eyVVImJqw0x3IEElI07Nh9MC6BA4iJ77ejobj8HI2r
q9ulRPEqH9NR79619lNKVUkE206dVlXo7xHmJS1QZy5v/GT66xBxyDVfTduPFXk=
=oP+v
-----END PGP SIGNATURE-----

  </version>
</log>
<log realm="Q2.system" at="2020-08-10T04:07:09.477">
  <version>
    jPOS 2.1.2 master/6f9379a (2018-09-19 16:33:22 ART) 

-----BEGIN PGP SIGNED MESSAGE-----
Hash: SHA1

jPOS Community Edition, licensed under GNU AGPL v3.0.
This software is probably not suitable for commercial use.
Please see http://jpos.org/license for details.

-----BEGIN PGP SIGNATURE-----
Version: GnuPG v1.4.9 (Darwin)

iQEcBAEBAgAGBQJMolHDAAoJEOQyeO71nYtFv74H/3OgehDGEy1VXp2U3/GcAobg
HH2eZjPUz53r38ARPiU3pzm9LwDa3WZgJJaa/b9VrJwKvbPwe9+0kY3gScDE1skT
ladHt+KHHmGQArEutkzHlpZa73RbroFEIa1qmN6MaDEHGoxZqDh0Sv2cpvOaVYGO
St8ZaddLBPC17bSjAPWo9sWbvL7FgPFOHhnPmbeux8SLtnfWxXWsgo5hLBanKmO1
1z+I/w/6DL6ZYZU6bAJUk+eyVVImJqw0x3IEElI07Nh9MC6BA4iJ77ejobj8HI2r
q9ulRPEqH9NR79619lNKVUkE206dVlXo7xHmJS1QZy5v/GT66xBxyDVfTduPFXk=
=oP+v
-----END PGP SIGNATURE-----

  </version>
</log>
<log realm="Q2.system" at="2020-08-10T05:07:10.128" lifespan="2ms">
  <version>
    jPOS 2.1.2 master/6f9379a (2018-09-19 16:33:22 ART) 

-----BEGIN PGP SIGNED MESSAGE-----
Hash: SHA1

jPOS Community Edition, licensed under GNU AGPL v3.0.
This software is probably not suitable for commercial use.
Please see http://jpos.org/license for details.

-----BEGIN PGP SIGNATURE-----
Version: GnuPG v1.4.9 (Darwin)

iQEcBAEBAgAGBQJMolHDAAoJEOQyeO71nYtFv74H/3OgehDGEy1VXp2U3/GcAobg
HH2eZjPUz53r38ARPiU3pzm9LwDa3WZgJJaa/b9VrJwKvbPwe9+0kY3gScDE1skT
ladHt+KHHmGQArEutkzHlpZa73RbroFEIa1qmN6MaDEHGoxZqDh0Sv2cpvOaVYGO
St8ZaddLBPC17bSjAPWo9sWbvL7FgPFOHhnPmbeux8SLtnfWxXWsgo5hLBanKmO1
1z+I/w/6DL6ZYZU6bAJUk+eyVVImJqw0x3IEElI07Nh9MC6BA4iJ77ejobj8HI2r
q9ulRPEqH9NR79619lNKVUkE206dVlXo7xHmJS1QZy5v/GT66xBxyDVfTduPFXk=
=oP+v
-----END PGP SIGNATURE-----

  </version>
</log>
<log realm="Q2.system" at="2020-08-10T06:07:11.566" lifespan="1ms">
  <version>
    jPOS 2.1.2 master/6f9379a (2018-09-19 16:33:22 ART) 

-----BEGIN PGP SIGNED MESSAGE-----
Hash: SHA1

jPOS Community Edition, licensed under GNU AGPL v3.0.
This software is probably not suitable for commercial use.
Please see http://jpos.org/license for details.

-----BEGIN PGP SIGNATURE-----
Version: GnuPG v1.4.9 (Darwin)

iQEcBAEBAgAGBQJMolHDAAoJEOQyeO71nYtFv74H/3OgehDGEy1VXp2U3/GcAobg
HH2eZjPUz53r38ARPiU3pzm9LwDa3WZgJJaa/b9VrJwKvbPwe9+0kY3gScDE1skT
ladHt+KHHmGQArEutkzHlpZa73RbroFEIa1qmN6MaDEHGoxZqDh0Sv2cpvOaVYGO
St8ZaddLBPC17bSjAPWo9sWbvL7FgPFOHhnPmbeux8SLtnfWxXWsgo5hLBanKmO1
1z+I/w/6DL6ZYZU6bAJUk+eyVVImJqw0x3IEElI07Nh9MC6BA4iJ77ejobj8HI2r
q9ulRPEqH9NR79619lNKVUkE206dVlXo7xHmJS1QZy5v/GT66xBxyDVfTduPFXk=
=oP+v
-----END PGP SIGNATURE-----

  </version>
</log>
<log realm="Q2.system" at="2020-08-10T08:27:12.246" lifespan="3284ms">
  <version>
    jPOS 2.1.2 master/6f9379a (2018-09-19 16:33:22 ART) 

-----BEGIN PGP SIGNED MESSAGE-----
Hash: SHA1

jPOS Community Edition, licensed under GNU AGPL v3.0.
This software is probably not suitable for commercial use.
Please see http://jpos.org/license for details.

-----BEGIN PGP SIGNATURE-----
Version: GnuPG v1.4.9 (Darwin)

iQEcBAEBAgAGBQJMolHDAAoJEOQyeO71nYtFv74H/3OgehDGEy1VXp2U3/GcAobg
HH2eZjPUz53r38ARPiU3pzm9LwDa3WZgJJaa/b9VrJwKvbPwe9+0kY3gScDE1skT
ladHt+KHHmGQArEutkzHlpZa73RbroFEIa1qmN6MaDEHGoxZqDh0Sv2cpvOaVYGO
St8ZaddLBPC17bSjAPWo9sWbvL7FgPFOHhnPmbeux8SLtnfWxXWsgo5hLBanKmO1
1z+I/w/6DL6ZYZU6bAJUk+eyVVImJqw0x3IEElI07Nh9MC6BA4iJ77ejobj8HI2r
q9ulRPEqH9NR79619lNKVUkE206dVlXo7xHmJS1QZy5v/GT66xBxyDVfTduPFXk=
=oP+v
-----END PGP SIGNATURE-----

  </version>
</log>
<?xml version="1.0" encoding="UTF-8"?>
<logger class="org.jpos.util.DailyLogListener">
<log realm="Q2.system" at="2020-08-10T08:39:42.360">
  <info>
    Q2 started, deployDir=C:\Users\user\Downloads\gatewaytraining (1)\gatewaytraining\config\jpos
  </info>
</log>
<log realm="Q2.system" at="2020-08-10T08:39:43.297" lifespan="937ms">
  <version>
    jPOS 2.1.2 master/6f9379a (2018-09-19 16:33:22 ART) 

-----BEGIN PGP SIGNED MESSAGE-----
Hash: SHA1

jPOS Community Edition, licensed under GNU AGPL v3.0.
This software is probably not suitable for commercial use.
Please see http://jpos.org/license for details.

-----BEGIN PGP SIGNATURE-----
Version: GnuPG v1.4.9 (Darwin)

iQEcBAEBAgAGBQJMolHDAAoJEOQyeO71nYtFv74H/3OgehDGEy1VXp2U3/GcAobg
HH2eZjPUz53r38ARPiU3pzm9LwDa3WZgJJaa/b9VrJwKvbPwe9+0kY3gScDE1skT
ladHt+KHHmGQArEutkzHlpZa73RbroFEIa1qmN6MaDEHGoxZqDh0Sv2cpvOaVYGO
St8ZaddLBPC17bSjAPWo9sWbvL7FgPFOHhnPmbeux8SLtnfWxXWsgo5hLBanKmO1
1z+I/w/6DL6ZYZU6bAJUk+eyVVImJqw0x3IEElI07Nh9MC6BA4iJ77ejobj8HI2r
q9ulRPEqH9NR79619lNKVUkE206dVlXo7xHmJS1QZy5v/GT66xBxyDVfTduPFXk=
=oP+v
-----END PGP SIGNATURE-----

  </version>
</log>
<log realm="Q2.system" at="2020-08-10T08:39:43.307" lifespan="10ms">
  <info>
    deploy: C:\Users\user\Downloads\gatewaytraining (1)\gatewaytraining\config\jpos\05_server.xml
  </info>
</log>
<log realm="Q2.system" at="2020-08-10T08:39:44.631" lifespan="1324ms">
  <info>
    deploy: C:\Users\user\Downloads\gatewaytraining (1)\gatewaytraining\config\jpos\30_txn_mgr.xml
  </info>
</log>
<log realm="Q2.system" at="2020-08-10T08:39:44.631">
  <info>
    deploy: C:\Users\user\Downloads\gatewaytraining (1)\gatewaytraining\config\jpos\99_sysmon.xml
  </info>
</log>
<log realm="ISOServer.server" at="2020-08-10T08:39:44.646">
  <iso-server>
    listening on port 9620
  </iso-server>
</log>
<log realm="org.jpos.transaction.TransactionManager" at="2020-08-10T08:39:44.796">
  <info>
    start Thread[Thread-184,5,main]
  </info>
</log>
<log realm="org.jpos.transaction.TransactionManager" at="2020-08-10T08:39:44.796">
  <info>
    start Thread[Thread-188,5,main]
  </info>
</log>
<log realm="org.jpos.transaction.TransactionManager" at="2020-08-10T08:39:44.796">
  <info>
    start Thread[Thread-187,5,main]
  </info>
</log>
<log realm="org.jpos.transaction.TransactionManager" at="2020-08-10T08:39:44.796">
  <info>
    start Thread[Thread-185,5,main]
  </info>
</log>
<log realm="org.jpos.transaction.TransactionManager" at="2020-08-10T08:39:44.796">
  <info>
    start Thread[Thread-189,5,main]
  </info>
</log>
<log realm="org.jpos.transaction.TransactionManager" at="2020-08-10T08:39:44.796">
  <info>
    start Thread[Thread-186,5,main]
  </info>
</log>
<log realm="org.jpos.transaction.TransactionManager" at="2020-08-10T08:39:44.796">
  <info>
    start Thread[Thread-196,5,main]
  </info>
</log>
<log realm="org.jpos.transaction.TransactionManager" at="2020-08-10T08:39:44.796">
  <info>
    start Thread[Thread-202,5,main]
  </info>
</log>
<log realm="org.jpos.transaction.TransactionManager" at="2020-08-10T08:39:44.796">
  <info>
    start Thread[Thread-193,5,main]
  </info>
</log>
<log realm="org.jpos.transaction.TransactionManager" at="2020-08-10T08:39:44.796">
  <info>
    start Thread[Thread-207,5,main]
  </info>
</log>
<log realm="org.jpos.transaction.TransactionManager" at="2020-08-10T08:39:44.796">
  <info>
    start Thread[Thread-192,5,main]
  </info>
</log>
<log realm="org.jpos.transaction.TransactionManager" at="2020-08-10T08:39:44.796">
  <info>
    start Thread[Thread-195,5,main]
  </info>
</log>
<log realm="org.jpos.transaction.TransactionManager" at="2020-08-10T08:39:44.796">
  <info>
    start Thread[Thread-190,5,main]
  </info>
</log>
<log realm="org.jpos.transaction.TransactionManager" at="2020-08-10T08:39:44.796">
  <info>
    start Thread[Thread-206,5,main]
  </info>
</log>
<log realm="org.jpos.transaction.TransactionManager" at="2020-08-10T08:39:44.796">
  <info>
    start Thread[Thread-191,5,main]
  </info>
</log>
<log realm="org.jpos.transaction.TransactionManager" at="2020-08-10T08:39:44.796">
  <info>
    start Thread[Thread-194,5,main]
  </info>
</log>
<log realm="org.jpos.transaction.TransactionManager" at="2020-08-10T08:39:44.796">
  <info>
    start Thread[Thread-199,5,main]
  </info>
</log>
<log realm="org.jpos.transaction.TransactionManager" at="2020-08-10T08:39:44.796">
  <info>
    start Thread[Thread-200,5,main]
  </info>
</log>
<log realm="org.jpos.transaction.TransactionManager" at="2020-08-10T08:39:44.796">
  <info>
    start Thread[Thread-203,5,main]
  </info>
</log>
<log realm="org.jpos.transaction.TransactionManager" at="2020-08-10T08:39:44.796">
  <info>
    start Thread[Thread-201,5,main]
  </info>
</log>
<log realm="org.jpos.transaction.TransactionManager" at="2020-08-10T08:39:44.796">
  <info>
    start Thread[Thread-204,5,main]
  </info>
</log>
<log realm="org.jpos.transaction.TransactionManager" at="2020-08-10T08:39:44.796">
  <info>
    start Thread[Thread-205,5,main]
  </info>
</log>
<log realm="org.jpos.q2.qbean.SystemMonitor" at="2020-08-10T08:39:44.796">
  <info>
    Starting SystemMonitor
  </info>
</log>
<log realm="org.jpos.transaction.TransactionManager" at="2020-08-10T08:39:44.796">
  <info>
    start Thread[Thread-197,5,main]
  </info>
</log>
<log realm="org.jpos.transaction.TransactionManager" at="2020-08-10T08:39:44.796">
  <info>
    start Thread[Thread-198,5,main]
  </info>
</log>
<log realm="org.jpos.q2.qbean.SystemMonitor" at="2020-08-10T08:39:44.796">
  <info>
               OS: Windows 10 (10.0)
             Java: 1.8.0_221 (Oracle Corporation) AES-secure
     process name: 14096@DESKTOP-4DN7F97
        user name: user
             host: DESKTOP-4DN7F97/192.168.254.81
              cwd: C:\Users\user\Downloads\gatewaytraining (1)\gatewaytraining
       free space: 165.3 GiB
          version: 2.1.2 (6f9379a)
         instance: 93281970-d47e-434d-bac9-98bddc8e1830
           uptime: 00:00:02.551 (-1.000000)
       processors: 8
           drift : 0
    memory(t/u/f): 379/112/266
         encoding: UTF-8
         timezone: Africa/Nairobi (Eastern Africa Time) +03:00
    watch service: sun.nio.fs.WindowsWatchService
            clock: 1597037984 2020-08-10T05:39:44.796Z
     thread count: 74
     peak threads: 74
     user threads: 66
            Thread[Reference Handler,10,system]
            Thread[Finalizer,8,system]
            Thread[Signal Dispatcher,9,system]
            Thread[Attach Listener,5,system]
            Thread[RMI TCP Accept-0,5,system]
            Thread[RMI Scheduler(0),5,system]
            Thread[Monitor Ctrl-Break,5,main]
            Thread[Catalina-utility-1,1,main]
            Thread[Catalina-utility-2,1,main]
            Thread[container-0,5,main]
            Thread[task-1,5,main]
            Thread[PostgreSQL-JDBC-SharedTimer-1,5,main]
            Thread[HikariPool-1 housekeeper,5,main]
            Thread[http-nio-6000-BlockPoller,5,main]
            Thread[http-nio-6000-exec-1,5,main]
            Thread[http-nio-6000-exec-2,5,main]
            Thread[http-nio-6000-exec-3,5,main]
            Thread[http-nio-6000-exec-4,5,main]
            Thread[http-nio-6000-exec-5,5,main]
            Thread[http-nio-6000-exec-6,5,main]
            Thread[http-nio-6000-exec-7,5,main]
            Thread[http-nio-6000-exec-8,5,main]
            Thread[http-nio-6000-exec-9,5,main]
            Thread[http-nio-6000-exec-10,5,main]
            Thread[http-nio-6000-ClientPoller,5,main]
            Thread[http-nio-6000-Acceptor,5,main]
            Thread[HikariPool-1 connection adder,5,main]
            Thread[task-2,5,main]
            Thread[pool-1-thread-1,5,main]
            Thread[Q2-93281970-d47e-434d-bac9-98bddc8e1830,5,main]
            Thread[Thread-171,5,main]
            Thread[Timer-0,5,main]
            Thread[Timer-1,5,main]
            Thread[Thread-178,5,main]
            Thread[FileDeletionDetector,5,main]
            Thread[LogFlusher,5,main]
            Thread[DataCorruptionVerifier,5,main]
            Thread[DestroyJavaVM,5,main]
            Thread[INCompressor,5,main]
            Thread[Cleaner-1,5,main]
            Thread[Checkpointer,5,main]
            Thread[StatCapture,5,main]
            Thread[Thread-182,5,main]
            Thread[Timer-2,5,main]
            Thread[SimpleTransactionManager-0:idle,5,main]
            Thread[SimpleTransactionManager-2:idle,5,main]
            Thread[SimpleTransactionManager-5:idle,5,main]
            Thread[SimpleTransactionManager-4:idle,5,main]
            Thread[SimpleTransactionManager-3:idle,5,main]
            Thread[SimpleTransactionManager-1:idle,5,main]
            Thread[SimpleTransactionManager-6:idle,5,main]
            Thread[SimpleTransactionManager-7:idle,5,main]
            Thread[SimpleTransactionManager-10:idle,5,main]
            Thread[SimpleTransactionManager-9:idle,5,main]
            Thread[SimpleTransactionManager-8:idle,5,main]
            Thread[SimpleTransactionManager-12:idle,5,main]
            Thread[SimpleTransactionManager-11:idle,5,main]
            Thread[SimpleTransactionManager-13:idle,5,main]
            Thread[SimpleTransactionManager-14:idle,5,main]
            Thread[SimpleTransactionManager-15:idle,5,main]
            Thread[SimpleTransactionManager-16:idle,5,main]
            Thread[SimpleTransactionManager-19:idle,5,main]
            Thread[SimpleTransactionManager-18:idle,5,main]
            Thread[SimpleTransactionManager-17:idle,5,main]
            Thread[SimpleTransactionManager-20:idle,5,main]
            Thread[SimpleTransactionManager-21:idle,5,main]
            Thread[SimpleTransactionManager-23:idle,5,main]
            Thread[SimpleTransactionManager-22:idle,5,main]
            Thread[pool-2-thread-1,5,main]
            Thread[SimpleTransactionManager-input-queue-monitor,5,main]
            Thread[SystemMonitor,5,main]
            Thread[ISOServer-ThreadPool.PooledThread-0,5,ISOServer-ThreadPool-0]
            Thread[RMI TCP Connection(1)-192.168.254.81,5,RMI Runtime]
            Thread[RMI TCP Connection(2)-192.168.254.81,5,RMI Runtime]
    name-registrar:
      tspace:default: org.jpos.space.TSpace
         key-count: 0
            gcinfo: 0,0
      tspace:txnmgr: org.jpos.space.TSpace
         key-count: 0
            gcinfo: 0,0
      ISOServer: org.jpos.q2.iso.QServer
      Q2: org.jpos.q2.Q2
      server.ISOServer: org.jpos.iso.ISOServer
        connected=0, rx=0, tx=0, last=0
      logger.Q2: org.jpos.util.Logger
      transient:default: org.jpos.space.TSpace
        <key count='1'>$TAILLOCK.1215858876</key>
         key-count: 1
            gcinfo: 0,0
      logger.Q2.buffered: org.jpos.util.BufferedLogListener
      je:txnmgr: org.jpos.space.JESpace
        <key size='1'>$HEAD</key>
        <key size='1'>$TAIL</key>
        <keycount>2</keycount>
      SimpleTransactionManager: org.jpos.transaction.TransactionManager
        in-transit=0/0, head=1, tail=1, paused=0, outstanding=0, active-sessions=24/4096, tps=0, peak=0, avg=0.00
  </info>
</log>
<?xml version="1.0" encoding="UTF-8"?>
<logger class="org.jpos.util.DailyLogListener">
<log realm="Q2.system" at="2020-08-10T09:25:17.765">
  <info>
    Q2 started, deployDir=C:\Users\user\Downloads\gatewaytraining (1)\gatewaytraining\config\jpos
  </info>
</log>
<log realm="Q2.system" at="2020-08-10T09:25:18.267" lifespan="498ms">
  <version>
    jPOS 2.1.2 master/6f9379a (2018-09-19 16:33:22 ART) 

-----BEGIN PGP SIGNED MESSAGE-----
Hash: SHA1

jPOS Community Edition, licensed under GNU AGPL v3.0.
This software is probably not suitable for commercial use.
Please see http://jpos.org/license for details.

-----BEGIN PGP SIGNATURE-----
Version: GnuPG v1.4.9 (Darwin)

iQEcBAEBAgAGBQJMolHDAAoJEOQyeO71nYtFv74H/3OgehDGEy1VXp2U3/GcAobg
HH2eZjPUz53r38ARPiU3pzm9LwDa3WZgJJaa/b9VrJwKvbPwe9+0kY3gScDE1skT
ladHt+KHHmGQArEutkzHlpZa73RbroFEIa1qmN6MaDEHGoxZqDh0Sv2cpvOaVYGO
St8ZaddLBPC17bSjAPWo9sWbvL7FgPFOHhnPmbeux8SLtnfWxXWsgo5hLBanKmO1
1z+I/w/6DL6ZYZU6bAJUk+eyVVImJqw0x3IEElI07Nh9MC6BA4iJ77ejobj8HI2r
q9ulRPEqH9NR79619lNKVUkE206dVlXo7xHmJS1QZy5v/GT66xBxyDVfTduPFXk=
=oP+v
-----END PGP SIGNATURE-----

  </version>
</log>
<log realm="Q2.system" at="2020-08-10T09:25:18.278" lifespan="8ms">
  <info>
    deploy: C:\Users\user\Downloads\gatewaytraining (1)\gatewaytraining\config\jpos\05_server.xml
  </info>
</log>
<log realm="Q2.system" at="2020-08-10T09:25:19.254" lifespan="975ms">
  <info>
    deploy: C:\Users\user\Downloads\gatewaytraining (1)\gatewaytraining\config\jpos\30_txn_mgr.xml
  </info>
</log>
<log realm="Q2.system" at="2020-08-10T09:25:19.259" lifespan="4ms">
  <info>
    deploy: C:\Users\user\Downloads\gatewaytraining (1)\gatewaytraining\config\jpos\99_sysmon.xml
  </info>
</log>
<log realm="ISOServer.server" at="2020-08-10T09:25:19.287">
  <iso-server>
    listening on port 9620
  </iso-server>
</log>
<log realm="org.jpos.transaction.TransactionManager" at="2020-08-10T09:25:19.990">
  <info>
    start Thread[Thread-186,5,main]
  </info>
</log>
<log realm="org.jpos.transaction.TransactionManager" at="2020-08-10T09:25:19.990">
  <info>
    start Thread[Thread-187,5,main]
  </info>
</log>
<log realm="org.jpos.transaction.TransactionManager" at="2020-08-10T09:25:19.990">
  <info>
    start Thread[Thread-185,5,main]
  </info>
</log>
<log realm="org.jpos.transaction.TransactionManager" at="2020-08-10T09:25:19.990">
  <info>
    start Thread[Thread-190,5,main]
  </info>
</log>
<log realm="org.jpos.transaction.TransactionManager" at="2020-08-10T09:25:19.991" lifespan="1ms">
  <info>
    start Thread[Thread-189,5,main]
  </info>
</log>
<log realm="org.jpos.transaction.TransactionManager" at="2020-08-10T09:25:19.992">
  <info>
    start Thread[Thread-194,5,main]
  </info>
</log>
<log realm="org.jpos.transaction.TransactionManager" at="2020-08-10T09:25:19.991" lifespan="1ms">
  <info>
    start Thread[Thread-188,5,main]
  </info>
</log>
<log realm="org.jpos.transaction.TransactionManager" at="2020-08-10T09:25:19.992" lifespan="1ms">
  <info>
    start Thread[Thread-192,5,main]
  </info>
</log>
<log realm="org.jpos.transaction.TransactionManager" at="2020-08-10T09:25:19.992">
  <info>
    start Thread[Thread-195,5,main]
  </info>
</log>
<log realm="org.jpos.transaction.TransactionManager" at="2020-08-10T09:25:19.993" lifespan="2ms">
  <info>
    start Thread[Thread-193,5,main]
  </info>
</log>
<log realm="org.jpos.transaction.TransactionManager" at="2020-08-10T09:25:19.994" lifespan="3ms">
  <info>
    start Thread[Thread-191,5,main]
  </info>
</log>
<log realm="org.jpos.transaction.TransactionManager" at="2020-08-10T09:25:19.995">
  <info>
    start Thread[Thread-204,5,main]
  </info>
</log>
<log realm="org.jpos.transaction.TransactionManager" at="2020-08-10T09:25:19.996" lifespan="1ms">
  <info>
    start Thread[Thread-202,5,main]
  </info>
</log>
<log realm="org.jpos.transaction.TransactionManager" at="2020-08-10T09:25:19.996" lifespan="1ms">
  <info>
    start Thread[Thread-205,5,main]
  </info>
</log>
<log realm="org.jpos.transaction.TransactionManager" at="2020-08-10T09:25:19.996" lifespan="2ms">
  <info>
    start Thread[Thread-201,5,main]
  </info>
</log>
<log realm="org.jpos.transaction.TransactionManager" at="2020-08-10T09:25:19.996" lifespan="1ms">
  <info>
    start Thread[Thread-203,5,main]
  </info>
</log>
<log realm="org.jpos.transaction.TransactionManager" at="2020-08-10T09:25:19.996" lifespan="1ms">
  <info>
    start Thread[Thread-206,5,main]
  </info>
</log>
<log realm="org.jpos.transaction.TransactionManager" at="2020-08-10T09:25:19.997" lifespan="4ms">
  <info>
    start Thread[Thread-198,5,main]
  </info>
</log>
<log realm="org.jpos.transaction.TransactionManager" at="2020-08-10T09:25:19.997" lifespan="4ms">
  <info>
    start Thread[Thread-197,5,main]
  </info>
</log>
<log realm="org.jpos.transaction.TransactionManager" at="2020-08-10T09:25:19.997" lifespan="3ms">
  <info>
    start Thread[Thread-199,5,main]
  </info>
</log>
<log realm="org.jpos.transaction.TransactionManager" at="2020-08-10T09:25:19.997" lifespan="3ms">
  <info>
    start Thread[Thread-200,5,main]
  </info>
</log>
<log realm="org.jpos.transaction.TransactionManager" at="2020-08-10T09:25:19.998" lifespan="2ms">
  <info>
    start Thread[Thread-208,5,main]
  </info>
</log>
<log realm="org.jpos.transaction.TransactionManager" at="2020-08-10T09:25:19.998" lifespan="2ms">
  <info>
    start Thread[Thread-207,5,main]
  </info>
</log>
<log realm="org.jpos.transaction.TransactionManager" at="2020-08-10T09:25:19.998" lifespan="5ms">
  <info>
    start Thread[Thread-196,5,main]
  </info>
</log>
<log realm="org.jpos.q2.qbean.SystemMonitor" at="2020-08-10T09:25:19.998">
  <info>
    Starting SystemMonitor
  </info>
</log>
<log realm="org.jpos.q2.qbean.SystemMonitor" at="2020-08-10T09:25:19.999">
  <info>
               OS: Windows 10 (10.0)
             Java: 1.8.0_221 (Oracle Corporation) AES-secure
     process name: 21744@DESKTOP-4DN7F97
        user name: user
             host: DESKTOP-4DN7F97/192.168.137.1
              cwd: C:\Users\user\Downloads\gatewaytraining (1)\gatewaytraining
       free space: 165 GiB
          version: 2.1.2 (6f9379a)
         instance: ec7b648c-9587-4718-b438-13a62b3c8b1c
           uptime: 00:00:02.288 (-1.000000)
       processors: 8
           drift : 0
    memory(t/u/f): 374/112/261
         encoding: UTF-8
         timezone: Africa/Nairobi (Eastern Africa Time) +03:00
    watch service: sun.nio.fs.WindowsWatchService
            clock: 1597040720 2020-08-10T06:25:19.999Z
     thread count: 74
     peak threads: 74
     user threads: 66
            Thread[Reference Handler,10,system]
            Thread[Finalizer,8,system]
            Thread[Signal Dispatcher,9,system]
            Thread[Attach Listener,5,system]
            Thread[RMI TCP Accept-0,5,system]
            Thread[RMI Scheduler(0),5,system]
            Thread[Monitor Ctrl-Break,5,main]
            Thread[Catalina-utility-1,1,main]
            Thread[Catalina-utility-2,1,main]
            Thread[container-0,5,main]
            Thread[task-1,5,main]
            Thread[PostgreSQL-JDBC-SharedTimer-1,5,main]
            Thread[HikariPool-1 housekeeper,5,main]
            Thread[http-nio-6000-BlockPoller,5,main]
            Thread[http-nio-6000-exec-1,5,main]
            Thread[http-nio-6000-exec-2,5,main]
            Thread[http-nio-6000-exec-3,5,main]
            Thread[http-nio-6000-exec-4,5,main]
            Thread[http-nio-6000-exec-5,5,main]
            Thread[http-nio-6000-exec-6,5,main]
            Thread[http-nio-6000-exec-7,5,main]
            Thread[http-nio-6000-exec-8,5,main]
            Thread[http-nio-6000-exec-9,5,main]
            Thread[http-nio-6000-exec-10,5,main]
            Thread[http-nio-6000-ClientPoller,5,main]
            Thread[http-nio-6000-Acceptor,5,main]
            Thread[HikariPool-1 connection adder,5,main]
            Thread[task-2,5,main]
            Thread[pool-1-thread-1,5,main]
            Thread[Q2-ec7b648c-9587-4718-b438-13a62b3c8b1c,5,main]
            Thread[Thread-172,5,main]
            Thread[Timer-0,5,main]
            Thread[Timer-1,5,main]
            Thread[Thread-179,5,main]
            Thread[FileDeletionDetector,5,main]
            Thread[LogFlusher,5,main]
            Thread[DataCorruptionVerifier,5,main]
            Thread[INCompressor,5,main]
            Thread[Cleaner-1,5,main]
            Thread[Checkpointer,5,main]
            Thread[StatCapture,5,main]
            Thread[Thread-183,5,main]
            Thread[DestroyJavaVM,5,main]
            Thread[Timer-2,5,main]
            Thread[SimpleTransactionManager-1:idle,5,main]
            Thread[SimpleTransactionManager-0:idle,5,main]
            Thread[SimpleTransactionManager-2:idle,5,main]
            Thread[SimpleTransactionManager-3:idle,5,main]
            Thread[SimpleTransactionManager-4:idle,5,main]
            Thread[SimpleTransactionManager-5:idle,5,main]
            Thread[SimpleTransactionManager-6:idle,5,main]
            Thread[SimpleTransactionManager-8:idle,5,main]
            Thread[SimpleTransactionManager-7:idle,5,main]
            Thread[SimpleTransactionManager-10:idle,5,main]
            Thread[SimpleTransactionManager-9:idle,5,main]
            Thread[SimpleTransactionManager-11:idle,5,main]
            Thread[SimpleTransactionManager-13:idle,5,main]
            Thread[SimpleTransactionManager-12:idle,5,main]
            Thread[SimpleTransactionManager-14:idle,5,main]
            Thread[SimpleTransactionManager-15:idle,5,main]
            Thread[SimpleTransactionManager-16:idle,5,main]
            Thread[SimpleTransactionManager-19:idle,5,main]
            Thread[SimpleTransactionManager-17:idle,5,main]
            Thread[SimpleTransactionManager-21:idle,5,main]
            Thread[SimpleTransactionManager-20:idle,5,main]
            Thread[SimpleTransactionManager-18:idle,5,main]
            Thread[SimpleTransactionManager-23:idle,5,main]
            Thread[SimpleTransactionManager-22:idle,5,main]
            Thread[pool-2-thread-1,5,main]
            Thread[SimpleTransactionManager-input-queue-monitor,5,main]
            Thread[SystemMonitor,5,main]
            Thread[ISOServer-ThreadPool.PooledThread-0,5,ISOServer-ThreadPool-0]
            Thread[RMI TCP Connection(3)-192.168.137.1,5,RMI Runtime]
            Thread[RMI TCP Connection(idle),5,RMI Runtime]
    name-registrar:
      tspace:default: org.jpos.space.TSpace
         key-count: 0
            gcinfo: 0,0
      tspace:txnmgr: org.jpos.space.TSpace
         key-count: 0
            gcinfo: 0,0
      ISOServer: org.jpos.q2.iso.QServer
      Q2: org.jpos.q2.Q2
      server.ISOServer: org.jpos.iso.ISOServer
        connected=0, rx=0, tx=0, last=0
      logger.Q2: org.jpos.util.Logger
      transient:default: org.jpos.space.TSpace
        <key count='1'>$TAILLOCK.482344457</key>
         key-count: 1
            gcinfo: 0,0
      logger.Q2.buffered: org.jpos.util.BufferedLogListener
      je:txnmgr: org.jpos.space.JESpace
        <key size='1'>$HEAD</key>
        <key size='1'>$TAIL</key>
        <keycount>2</keycount>
      SimpleTransactionManager: org.jpos.transaction.TransactionManager
        in-transit=0/0, head=1, tail=1, paused=0, outstanding=0, active-sessions=24/4096, tps=0, peak=0, avg=0.00
  </info>
</log>
<log realm="ISOServer.server.session/127.0.0.1:55492" at="2020-08-10T09:26:33.878">
  <session-start/>
</log>
<log realm="channel/127.0.0.1:55492" at="2020-08-10T09:26:33.899" lifespan="20ms">
  <receive>
    <isomsg direction="incoming">
      <!-- com.gatewayExample.gatewaytraining.packager.TransportPackager -->
      <header>3C00000000</header>
      <field id="0" value="0100"/>
      <field id="3" value="003300"/>
      <field id="11" value="000001"/>
      <field id="41" value="45789021"/>
      <field id="42" value="421456908756435"/>
    </isomsg>
  </receive>
</log>
<log realm="channel/127.0.0.1:55492" at="2020-08-10T09:26:35.086" lifespan="1ms">
  <send>
    <isomsg direction="outgoing">
      <!-- com.gatewayExample.gatewaytraining.packager.TransportPackager -->
      <header>3C00000000</header>
      <field id="0" value="0110"/>
      <field id="3" value="003300"/>
      <field id="11" value="000001"/>
      <field id="12" value="202008100926"/>
      <field id="39" value="00"/>
      <field id="41" value="45789021"/>
      <field id="42" value="421456908756435"/>
      <field id="72" value="NELSON#Moses#nelson@gmail.com#31820941#MosesX3456%VICTOR#Moses#nelson@gmail.com#31820941#MosesX3456%victor#Moses#nelson@gmail.com#31820941#MosesX3456%victor#Moses#nelson@gmail.com#31820941#MosesX3456%ARNOLD#Moses#nelson@gmail.com#31820941#MosesX3456%Kisumu Lounge Hotel#Moses#nelson@gmail.com#31820941#MosesX3456%CONNADOS#Victor#nelson@gmail.com#31820941#MosesX3456%"/>
    </isomsg>
  </send>
</log>
<log realm="channel/127.0.0.1:55492" at="2020-08-10T09:26:35.420" lifespan="333ms">
  <receive>
    <peer-disconnect>Connection reset</peer-disconnect>
  </receive>
</log>
<log realm="ISOServer.server.session/127.0.0.1:55492" at="2020-08-10T09:26:35.421">
  <session-end/>
</log>
<log realm="Q2.system" at="2020-08-10T10:25:19.484" lifespan="10ms">
  <version>
    jPOS 2.1.2 master/6f9379a (2018-09-19 16:33:22 ART) 

-----BEGIN PGP SIGNED MESSAGE-----
Hash: SHA1

jPOS Community Edition, licensed under GNU AGPL v3.0.
This software is probably not suitable for commercial use.
Please see http://jpos.org/license for details.

-----BEGIN PGP SIGNATURE-----
Version: GnuPG v1.4.9 (Darwin)

iQEcBAEBAgAGBQJMolHDAAoJEOQyeO71nYtFv74H/3OgehDGEy1VXp2U3/GcAobg
HH2eZjPUz53r38ARPiU3pzm9LwDa3WZgJJaa/b9VrJwKvbPwe9+0kY3gScDE1skT
ladHt+KHHmGQArEutkzHlpZa73RbroFEIa1qmN6MaDEHGoxZqDh0Sv2cpvOaVYGO
St8ZaddLBPC17bSjAPWo9sWbvL7FgPFOHhnPmbeux8SLtnfWxXWsgo5hLBanKmO1
1z+I/w/6DL6ZYZU6bAJUk+eyVVImJqw0x3IEElI07Nh9MC6BA4iJ77ejobj8HI2r
q9ulRPEqH9NR79619lNKVUkE206dVlXo7xHmJS1QZy5v/GT66xBxyDVfTduPFXk=
=oP+v
-----END PGP SIGNATURE-----

  </version>
</log>
<log realm="Q2.system" at="2020-08-10T11:25:21.494" lifespan="15ms">
  <version>
    jPOS 2.1.2 master/6f9379a (2018-09-19 16:33:22 ART) 

-----BEGIN PGP SIGNED MESSAGE-----
Hash: SHA1

jPOS Community Edition, licensed under GNU AGPL v3.0.
This software is probably not suitable for commercial use.
Please see http://jpos.org/license for details.

-----BEGIN PGP SIGNATURE-----
Version: GnuPG v1.4.9 (Darwin)

iQEcBAEBAgAGBQJMolHDAAoJEOQyeO71nYtFv74H/3OgehDGEy1VXp2U3/GcAobg
HH2eZjPUz53r38ARPiU3pzm9LwDa3WZgJJaa/b9VrJwKvbPwe9+0kY3gScDE1skT
ladHt+KHHmGQArEutkzHlpZa73RbroFEIa1qmN6MaDEHGoxZqDh0Sv2cpvOaVYGO
St8ZaddLBPC17bSjAPWo9sWbvL7FgPFOHhnPmbeux8SLtnfWxXWsgo5hLBanKmO1
1z+I/w/6DL6ZYZU6bAJUk+eyVVImJqw0x3IEElI07Nh9MC6BA4iJ77ejobj8HI2r
q9ulRPEqH9NR79619lNKVUkE206dVlXo7xHmJS1QZy5v/GT66xBxyDVfTduPFXk=
=oP+v
-----END PGP SIGNATURE-----

  </version>
</log>
<log realm="Q2.system" at="2020-08-10T12:25:22.979" lifespan="30ms">
  <version>
    jPOS 2.1.2 master/6f9379a (2018-09-19 16:33:22 ART) 

-----BEGIN PGP SIGNED MESSAGE-----
Hash: SHA1

jPOS Community Edition, licensed under GNU AGPL v3.0.
This software is probably not suitable for commercial use.
Please see http://jpos.org/license for details.

-----BEGIN PGP SIGNATURE-----
Version: GnuPG v1.4.9 (Darwin)

iQEcBAEBAgAGBQJMolHDAAoJEOQyeO71nYtFv74H/3OgehDGEy1VXp2U3/GcAobg
HH2eZjPUz53r38ARPiU3pzm9LwDa3WZgJJaa/b9VrJwKvbPwe9+0kY3gScDE1skT
ladHt+KHHmGQArEutkzHlpZa73RbroFEIa1qmN6MaDEHGoxZqDh0Sv2cpvOaVYGO
St8ZaddLBPC17bSjAPWo9sWbvL7FgPFOHhnPmbeux8SLtnfWxXWsgo5hLBanKmO1
1z+I/w/6DL6ZYZU6bAJUk+eyVVImJqw0x3IEElI07Nh9MC6BA4iJ77ejobj8HI2r
q9ulRPEqH9NR79619lNKVUkE206dVlXo7xHmJS1QZy5v/GT66xBxyDVfTduPFXk=
=oP+v
-----END PGP SIGNATURE-----

  </version>
</log>
<?xml version="1.0" encoding="UTF-8"?>
<logger class="org.jpos.util.DailyLogListener">
<log realm="Q2.system" at="2020-08-10T12:43:01.437">
  <info>
    Q2 started, deployDir=C:\Users\user\Downloads\gatewaytraining (1)\gatewaytraining\config\jpos
  </info>
</log>
<log realm="Q2.system" at="2020-08-10T12:43:02.332" lifespan="886ms">
  <version>
    jPOS 2.1.2 master/6f9379a (2018-09-19 16:33:22 ART) 

-----BEGIN PGP SIGNED MESSAGE-----
Hash: SHA1

jPOS Community Edition, licensed under GNU AGPL v3.0.
This software is probably not suitable for commercial use.
Please see http://jpos.org/license for details.

-----BEGIN PGP SIGNATURE-----
Version: GnuPG v1.4.9 (Darwin)

iQEcBAEBAgAGBQJMolHDAAoJEOQyeO71nYtFv74H/3OgehDGEy1VXp2U3/GcAobg
HH2eZjPUz53r38ARPiU3pzm9LwDa3WZgJJaa/b9VrJwKvbPwe9+0kY3gScDE1skT
ladHt+KHHmGQArEutkzHlpZa73RbroFEIa1qmN6MaDEHGoxZqDh0Sv2cpvOaVYGO
St8ZaddLBPC17bSjAPWo9sWbvL7FgPFOHhnPmbeux8SLtnfWxXWsgo5hLBanKmO1
1z+I/w/6DL6ZYZU6bAJUk+eyVVImJqw0x3IEElI07Nh9MC6BA4iJ77ejobj8HI2r
q9ulRPEqH9NR79619lNKVUkE206dVlXo7xHmJS1QZy5v/GT66xBxyDVfTduPFXk=
=oP+v
-----END PGP SIGNATURE-----

  </version>
</log>
<log realm="Q2.system" at="2020-08-10T12:43:02.345" lifespan="8ms">
  <info>
    deploy: C:\Users\user\Downloads\gatewaytraining (1)\gatewaytraining\config\jpos\05_server.xml
  </info>
</log>
<log realm="Q2.system" at="2020-08-10T12:43:03.063" lifespan="717ms">
  <info>
    deploy: C:\Users\user\Downloads\gatewaytraining (1)\gatewaytraining\config\jpos\30_txn_mgr.xml
  </info>
</log>
<log realm="Q2.system" at="2020-08-10T12:43:03.067" lifespan="4ms">
  <info>
    deploy: C:\Users\user\Downloads\gatewaytraining (1)\gatewaytraining\config\jpos\99_sysmon.xml
  </info>
</log>
<log realm="ISOServer.server" at="2020-08-10T12:43:03.093">
  <iso-server>
    listening on port 9620
  </iso-server>
</log>
<log realm="org.jpos.transaction.TransactionManager" at="2020-08-10T12:43:03.178">
  <info>
    start Thread[Thread-186,5,main]
  </info>
</log>
<log realm="org.jpos.transaction.TransactionManager" at="2020-08-10T12:43:03.179">
  <info>
    start Thread[Thread-185,5,main]
  </info>
</log>
<log realm="org.jpos.transaction.TransactionManager" at="2020-08-10T12:43:03.180">
  <info>
    start Thread[Thread-189,5,main]
  </info>
</log>
<log realm="org.jpos.transaction.TransactionManager" at="2020-08-10T12:43:03.183" lifespan="3ms">
  <info>
    start Thread[Thread-184,5,main]
  </info>
</log>
<log realm="org.jpos.transaction.TransactionManager" at="2020-08-10T12:43:03.184" lifespan="1ms">
  <info>
    start Thread[Thread-192,5,main]
  </info>
</log>
<log realm="org.jpos.transaction.TransactionManager" at="2020-08-10T12:43:03.185" lifespan="2ms">
  <info>
    start Thread[Thread-193,5,main]
  </info>
</log>
<log realm="org.jpos.transaction.TransactionManager" at="2020-08-10T12:43:03.181" lifespan="1ms">
  <info>
    start Thread[Thread-187,5,main]
  </info>
</log>
<log realm="org.jpos.transaction.TransactionManager" at="2020-08-10T12:43:03.186" lifespan="3ms">
  <info>
    start Thread[Thread-190,5,main]
  </info>
</log>
<log realm="org.jpos.transaction.TransactionManager" at="2020-08-10T12:43:03.187">
  <info>
    start Thread[Thread-196,5,main]
  </info>
</log>
<log realm="org.jpos.transaction.TransactionManager" at="2020-08-10T12:43:03.189">
  <info>
    start Thread[Thread-200,5,main]
  </info>
</log>
<log realm="org.jpos.transaction.TransactionManager" at="2020-08-10T12:43:03.191" lifespan="10ms">
  <info>
    start Thread[Thread-191,5,main]
  </info>
</log>
<log realm="org.jpos.transaction.TransactionManager" at="2020-08-10T12:43:03.193" lifespan="13ms">
  <info>
    start Thread[Thread-188,5,main]
  </info>
</log>
<log realm="org.jpos.transaction.TransactionManager" at="2020-08-10T12:43:03.194" lifespan="1ms">
  <info>
    start Thread[Thread-207,5,main]
  </info>
</log>
<log realm="org.jpos.transaction.TransactionManager" at="2020-08-10T12:43:03.195" lifespan="3ms">
  <info>
    start Thread[Thread-205,5,main]
  </info>
</log>
<log realm="org.jpos.transaction.TransactionManager" at="2020-08-10T12:43:03.196" lifespan="4ms">
  <info>
    start Thread[Thread-206,5,main]
  </info>
</log>
<log realm="org.jpos.transaction.TransactionManager" at="2020-08-10T12:43:03.197" lifespan="5ms">
  <info>
    start Thread[Thread-204,5,main]
  </info>
</log>
<log realm="org.jpos.transaction.TransactionManager" at="2020-08-10T12:43:03.197" lifespan="6ms">
  <info>
    start Thread[Thread-203,5,main]
  </info>
</log>
<log realm="org.jpos.transaction.TransactionManager" at="2020-08-10T12:43:03.199" lifespan="9ms">
  <info>
    start Thread[Thread-202,5,main]
  </info>
</log>
<log realm="org.jpos.transaction.TransactionManager" at="2020-08-10T12:43:03.200" lifespan="11ms">
  <info>
    start Thread[Thread-201,5,main]
  </info>
</log>
<log realm="org.jpos.transaction.TransactionManager" at="2020-08-10T12:43:03.201" lifespan="12ms">
  <info>
    start Thread[Thread-199,5,main]
  </info>
</log>
<log realm="org.jpos.transaction.TransactionManager" at="2020-08-10T12:43:03.201" lifespan="13ms">
  <info>
    start Thread[Thread-198,5,main]
  </info>
</log>
<log realm="org.jpos.transaction.TransactionManager" at="2020-08-10T12:43:03.204" lifespan="17ms">
  <info>
    start Thread[Thread-197,5,main]
  </info>
</log>
<log realm="org.jpos.transaction.TransactionManager" at="2020-08-10T12:43:03.204" lifespan="19ms">
  <info>
    start Thread[Thread-195,5,main]
  </info>
</log>
<log realm="org.jpos.q2.qbean.SystemMonitor" at="2020-08-10T12:43:03.204" lifespan="3ms">
  <info>
    Starting SystemMonitor
  </info>
</log>
<log realm="org.jpos.transaction.TransactionManager" at="2020-08-10T12:43:03.204" lifespan="20ms">
  <info>
    start Thread[Thread-194,5,main]
  </info>
</log>
<log realm="org.jpos.q2.qbean.SystemMonitor" at="2020-08-10T12:43:03.206">
  <info>
               OS: Windows 10 (10.0)
             Java: 1.8.0_221 (Oracle Corporation) AES-secure
     process name: 18232@DESKTOP-4DN7F97
        user name: user
             host: DESKTOP-4DN7F97/192.168.137.1
              cwd: C:\Users\user\Downloads\gatewaytraining (1)\gatewaytraining
       free space: 164.8 GiB
          version: 2.1.2 (6f9379a)
         instance: 122faf24-8cdd-457f-b0a2-589ba02d7cf4
           uptime: 00:00:01.891 (-1.000000)
       processors: 8
           drift : 0
    memory(t/u/f): 514/82/431
         encoding: UTF-8
         timezone: Africa/Nairobi (Eastern Africa Time) +03:00
    watch service: sun.nio.fs.WindowsWatchService
            clock: 1597052583 2020-08-10T09:43:03.206Z
     thread count: 74
     peak threads: 74
     user threads: 66
            Thread[Reference Handler,10,system]
            Thread[Finalizer,8,system]
            Thread[Signal Dispatcher,9,system]
            Thread[Attach Listener,5,system]
            Thread[RMI TCP Accept-0,5,system]
            Thread[RMI Scheduler(0),5,system]
            Thread[main,5,main]
            Thread[Monitor Ctrl-Break,5,main]
            Thread[Catalina-utility-1,1,main]
            Thread[Catalina-utility-2,1,main]
            Thread[container-0,5,main]
            Thread[task-1,5,main]
            Thread[PostgreSQL-JDBC-SharedTimer-1,5,main]
            Thread[HikariPool-1 housekeeper,5,main]
            Thread[http-nio-6000-BlockPoller,5,main]
            Thread[http-nio-6000-exec-1,5,main]
            Thread[http-nio-6000-exec-2,5,main]
            Thread[http-nio-6000-exec-3,5,main]
            Thread[http-nio-6000-exec-4,5,main]
            Thread[http-nio-6000-exec-5,5,main]
            Thread[http-nio-6000-exec-6,5,main]
            Thread[http-nio-6000-exec-7,5,main]
            Thread[http-nio-6000-exec-8,5,main]
            Thread[http-nio-6000-exec-9,5,main]
            Thread[http-nio-6000-exec-10,5,main]
            Thread[http-nio-6000-ClientPoller,5,main]
            Thread[http-nio-6000-Acceptor,5,main]
            Thread[HikariPool-1 connection adder,5,main]
            Thread[task-2,5,main]
            Thread[pool-1-thread-1,5,main]
            Thread[Q2-122faf24-8cdd-457f-b0a2-589ba02d7cf4,5,main]
            Thread[Thread-171,5,main]
            Thread[Timer-0,5,main]
            Thread[Timer-1,5,main]
            Thread[Thread-178,5,main]
            Thread[FileDeletionDetector,5,main]
            Thread[LogFlusher,5,main]
            Thread[DataCorruptionVerifier,5,main]
            Thread[INCompressor,5,main]
            Thread[Cleaner-1,5,main]
            Thread[Checkpointer,5,main]
            Thread[StatCapture,5,main]
            Thread[Thread-182,5,main]
            Thread[Timer-2,5,main]
            Thread[SimpleTransactionManager-2:idle,5,main]
            Thread[SimpleTransactionManager-1:idle,5,main]
            Thread[SimpleTransactionManager-0:idle,5,main]
            Thread[SimpleTransactionManager-3:idle,5,main]
            Thread[SimpleTransactionManager-4:idle,5,main]
            Thread[SimpleTransactionManager-5:idle,5,main]
            Thread[SimpleTransactionManager-7:idle,5,main]
            Thread[SimpleTransactionManager-6:idle,5,main]
            Thread[SimpleTransactionManager-9:idle,5,main]
            Thread[SimpleTransactionManager-8:idle,5,main]
            Thread[SimpleTransactionManager-10:idle,5,main]
            Thread[SimpleTransactionManager-11:idle,5,main]
            Thread[SimpleTransactionManager-13:idle,5,main]
            Thread[SimpleTransactionManager-12:idle,5,main]
            Thread[SimpleTransactionManager-14:idle,5,main]
            Thread[SimpleTransactionManager-15:idle,5,main]
            Thread[SimpleTransactionManager-17:idle,5,main]
            Thread[SimpleTransactionManager-16:idle,5,main]
            Thread[SimpleTransactionManager-18:idle,5,main]
            Thread[SimpleTransactionManager-19:idle,5,main]
            Thread[SimpleTransactionManager-20:idle,5,main]
            Thread[SimpleTransactionManager-22:idle,5,main]
            Thread[SimpleTransactionManager-21:idle,5,main]
            Thread[SimpleTransactionManager-23:idle,5,main]
            Thread[pool-2-thread-1,5,main]
            Thread[SimpleTransactionManager-input-queue-monitor,5,main]
            Thread[SystemMonitor,5,main]
            Thread[ISOServer-ThreadPool.PooledThread-0,5,ISOServer-ThreadPool-0]
            Thread[RMI TCP Connection(3)-192.168.137.1,5,RMI Runtime]
            Thread[RMI TCP Connection(idle),5,RMI Runtime]
    name-registrar:
      tspace:default: org.jpos.space.TSpace
         key-count: 0
            gcinfo: 0,0
      tspace:txnmgr: org.jpos.space.TSpace
         key-count: 0
            gcinfo: 0,0
      ISOServer: org.jpos.q2.iso.QServer
      Q2: org.jpos.q2.Q2
      server.ISOServer: org.jpos.iso.ISOServer
        connected=0, rx=0, tx=0, last=0
      logger.Q2: org.jpos.util.Logger
      transient:default: org.jpos.space.TSpace
        <key count='1'>$TAILLOCK.1550249940</key>
         key-count: 1
            gcinfo: 0,0
      logger.Q2.buffered: org.jpos.util.BufferedLogListener
      je:txnmgr: org.jpos.space.JESpace
        <key size='1'>$HEAD</key>
        <key size='1'>$TAIL</key>
        <keycount>2</keycount>
      SimpleTransactionManager: org.jpos.transaction.TransactionManager
        in-transit=0/0, head=1, tail=1, paused=0, outstanding=0, active-sessions=24/4096, tps=0, peak=0, avg=0.00
  </info>
</log>
<log realm="ISOServer.server.session/127.0.0.1:52184" at="2020-08-10T12:43:14.538">
  <session-start/>
</log>
<log realm="channel/127.0.0.1:52184" at="2020-08-10T12:43:14.555" lifespan="17ms">
  <receive>
    <isomsg direction="incoming">
      <!-- com.gatewayExample.gatewaytraining.packager.TransportPackager -->
      <header>3C00000000</header>
      <field id="0" value="0100"/>
      <field id="3" value="003300"/>
      <field id="11" value="000001"/>
      <field id="41" value="45789021"/>
      <field id="42" value="421456908756435"/>
    </isomsg>
  </receive>
</log>
<log realm="channel/127.0.0.1:52184" at="2020-08-10T12:43:14.687" lifespan="1ms">
  <send>
    <isomsg direction="outgoing">
      <!-- com.gatewayExample.gatewaytraining.packager.TransportPackager -->
      <header>3C00000000</header>
      <field id="0" value="0110"/>
      <field id="3" value="003300"/>
      <field id="11" value="000001"/>
      <field id="12" value="202008101243"/>
      <field id="39" value="00"/>
      <field id="41" value="45789021"/>
      <field id="42" value="421456908756435"/>
      <field id="72" value="NELSON#Moses#nelson@gmail.com#31820941#MosesX3456%VICTOR#Moses#nelson@gmail.com#31820941#MosesX3456%victor#Moses#nelson@gmail.com#31820941#MosesX3456%victor#Moses#nelson@gmail.com#31820941#MosesX3456%ARNOLD#Moses#nelson@gmail.com#31820941#MosesX3456%Kisumu Lounge Hotel#Moses#nelson@gmail.com#31820941#MosesX3456%CONNADOS#Victor#nelson@gmail.com#31820941#MosesX3456%"/>
    </isomsg>
  </send>
</log>
<log realm="channel/127.0.0.1:52184" at="2020-08-10T12:43:15.025" lifespan="338ms">
  <receive>
    <peer-disconnect>Connection reset</peer-disconnect>
  </receive>
</log>
<log realm="ISOServer.server.session/127.0.0.1:52184" at="2020-08-10T12:43:15.026">
  <session-end/>
</log>
<log realm="Q2.system" at="2020-08-10T13:43:02.804" lifespan="3ms">
  <version>
    jPOS 2.1.2 master/6f9379a (2018-09-19 16:33:22 ART) 

-----BEGIN PGP SIGNED MESSAGE-----
Hash: SHA1

jPOS Community Edition, licensed under GNU AGPL v3.0.
This software is probably not suitable for commercial use.
Please see http://jpos.org/license for details.

-----BEGIN PGP SIGNATURE-----
Version: GnuPG v1.4.9 (Darwin)

iQEcBAEBAgAGBQJMolHDAAoJEOQyeO71nYtFv74H/3OgehDGEy1VXp2U3/GcAobg
HH2eZjPUz53r38ARPiU3pzm9LwDa3WZgJJaa/b9VrJwKvbPwe9+0kY3gScDE1skT
ladHt+KHHmGQArEutkzHlpZa73RbroFEIa1qmN6MaDEHGoxZqDh0Sv2cpvOaVYGO
St8ZaddLBPC17bSjAPWo9sWbvL7FgPFOHhnPmbeux8SLtnfWxXWsgo5hLBanKmO1
1z+I/w/6DL6ZYZU6bAJUk+eyVVImJqw0x3IEElI07Nh9MC6BA4iJ77ejobj8HI2r
q9ulRPEqH9NR79619lNKVUkE206dVlXo7xHmJS1QZy5v/GT66xBxyDVfTduPFXk=
=oP+v
-----END PGP SIGNATURE-----

  </version>
</log>
<log realm="Q2.system" at="2020-08-10T14:43:04.753" lifespan="4ms">
  <version>
    jPOS 2.1.2 master/6f9379a (2018-09-19 16:33:22 ART) 

-----BEGIN PGP SIGNED MESSAGE-----
Hash: SHA1

jPOS Community Edition, licensed under GNU AGPL v3.0.
This software is probably not suitable for commercial use.
Please see http://jpos.org/license for details.

-----BEGIN PGP SIGNATURE-----
Version: GnuPG v1.4.9 (Darwin)

iQEcBAEBAgAGBQJMolHDAAoJEOQyeO71nYtFv74H/3OgehDGEy1VXp2U3/GcAobg
HH2eZjPUz53r38ARPiU3pzm9LwDa3WZgJJaa/b9VrJwKvbPwe9+0kY3gScDE1skT
ladHt+KHHmGQArEutkzHlpZa73RbroFEIa1qmN6MaDEHGoxZqDh0Sv2cpvOaVYGO
St8ZaddLBPC17bSjAPWo9sWbvL7FgPFOHhnPmbeux8SLtnfWxXWsgo5hLBanKmO1
1z+I/w/6DL6ZYZU6bAJUk+eyVVImJqw0x3IEElI07Nh9MC6BA4iJ77ejobj8HI2r
q9ulRPEqH9NR79619lNKVUkE206dVlXo7xHmJS1QZy5v/GT66xBxyDVfTduPFXk=
=oP+v
-----END PGP SIGNATURE-----

  </version>
</log>
<log realm="Q2.system" at="2020-08-10T15:43:06.760" lifespan="6ms">
  <version>
    jPOS 2.1.2 master/6f9379a (2018-09-19 16:33:22 ART) 

-----BEGIN PGP SIGNED MESSAGE-----
Hash: SHA1

jPOS Community Edition, licensed under GNU AGPL v3.0.
This software is probably not suitable for commercial use.
Please see http://jpos.org/license for details.

-----BEGIN PGP SIGNATURE-----
Version: GnuPG v1.4.9 (Darwin)

iQEcBAEBAgAGBQJMolHDAAoJEOQyeO71nYtFv74H/3OgehDGEy1VXp2U3/GcAobg
HH2eZjPUz53r38ARPiU3pzm9LwDa3WZgJJaa/b9VrJwKvbPwe9+0kY3gScDE1skT
ladHt+KHHmGQArEutkzHlpZa73RbroFEIa1qmN6MaDEHGoxZqDh0Sv2cpvOaVYGO
St8ZaddLBPC17bSjAPWo9sWbvL7FgPFOHhnPmbeux8SLtnfWxXWsgo5hLBanKmO1
1z+I/w/6DL6ZYZU6bAJUk+eyVVImJqw0x3IEElI07Nh9MC6BA4iJ77ejobj8HI2r
q9ulRPEqH9NR79619lNKVUkE206dVlXo7xHmJS1QZy5v/GT66xBxyDVfTduPFXk=
=oP+v
-----END PGP SIGNATURE-----

  </version>
</log>
<log realm="Q2.system" at="2020-08-10T19:10:15.977" lifespan="6ms">
  <version>
    jPOS 2.1.2 master/6f9379a (2018-09-19 16:33:22 ART) 

-----BEGIN PGP SIGNED MESSAGE-----
Hash: SHA1

jPOS Community Edition, licensed under GNU AGPL v3.0.
This software is probably not suitable for commercial use.
Please see http://jpos.org/license for details.

-----BEGIN PGP SIGNATURE-----
Version: GnuPG v1.4.9 (Darwin)

iQEcBAEBAgAGBQJMolHDAAoJEOQyeO71nYtFv74H/3OgehDGEy1VXp2U3/GcAobg
HH2eZjPUz53r38ARPiU3pzm9LwDa3WZgJJaa/b9VrJwKvbPwe9+0kY3gScDE1skT
ladHt+KHHmGQArEutkzHlpZa73RbroFEIa1qmN6MaDEHGoxZqDh0Sv2cpvOaVYGO
St8ZaddLBPC17bSjAPWo9sWbvL7FgPFOHhnPmbeux8SLtnfWxXWsgo5hLBanKmO1
1z+I/w/6DL6ZYZU6bAJUk+eyVVImJqw0x3IEElI07Nh9MC6BA4iJ77ejobj8HI2r
q9ulRPEqH9NR79619lNKVUkE206dVlXo7xHmJS1QZy5v/GT66xBxyDVfTduPFXk=
=oP+v
-----END PGP SIGNATURE-----

  </version>
</log>
<log realm="Q2.system" at="2020-08-10T20:10:17.073" lifespan="8ms">
  <version>
    jPOS 2.1.2 master/6f9379a (2018-09-19 16:33:22 ART) 

-----BEGIN PGP SIGNED MESSAGE-----
Hash: SHA1

jPOS Community Edition, licensed under GNU AGPL v3.0.
This software is probably not suitable for commercial use.
Please see http://jpos.org/license for details.

-----BEGIN PGP SIGNATURE-----
Version: GnuPG v1.4.9 (Darwin)

iQEcBAEBAgAGBQJMolHDAAoJEOQyeO71nYtFv74H/3OgehDGEy1VXp2U3/GcAobg
HH2eZjPUz53r38ARPiU3pzm9LwDa3WZgJJaa/b9VrJwKvbPwe9+0kY3gScDE1skT
ladHt+KHHmGQArEutkzHlpZa73RbroFEIa1qmN6MaDEHGoxZqDh0Sv2cpvOaVYGO
St8ZaddLBPC17bSjAPWo9sWbvL7FgPFOHhnPmbeux8SLtnfWxXWsgo5hLBanKmO1
1z+I/w/6DL6ZYZU6bAJUk+eyVVImJqw0x3IEElI07Nh9MC6BA4iJ77ejobj8HI2r
q9ulRPEqH9NR79619lNKVUkE206dVlXo7xHmJS1QZy5v/GT66xBxyDVfTduPFXk=
=oP+v
-----END PGP SIGNATURE-----

  </version>
</log>
<log realm="Q2.system" at="2020-08-10T21:10:19.569" lifespan="3ms">
  <version>
    jPOS 2.1.2 master/6f9379a (2018-09-19 16:33:22 ART) 

-----BEGIN PGP SIGNED MESSAGE-----
Hash: SHA1

jPOS Community Edition, licensed under GNU AGPL v3.0.
This software is probably not suitable for commercial use.
Please see http://jpos.org/license for details.

-----BEGIN PGP SIGNATURE-----
Version: GnuPG v1.4.9 (Darwin)

iQEcBAEBAgAGBQJMolHDAAoJEOQyeO71nYtFv74H/3OgehDGEy1VXp2U3/GcAobg
HH2eZjPUz53r38ARPiU3pzm9LwDa3WZgJJaa/b9VrJwKvbPwe9+0kY3gScDE1skT
ladHt+KHHmGQArEutkzHlpZa73RbroFEIa1qmN6MaDEHGoxZqDh0Sv2cpvOaVYGO
St8ZaddLBPC17bSjAPWo9sWbvL7FgPFOHhnPmbeux8SLtnfWxXWsgo5hLBanKmO1
1z+I/w/6DL6ZYZU6bAJUk+eyVVImJqw0x3IEElI07Nh9MC6BA4iJ77ejobj8HI2r
q9ulRPEqH9NR79619lNKVUkE206dVlXo7xHmJS1QZy5v/GT66xBxyDVfTduPFXk=
=oP+v
-----END PGP SIGNATURE-----

  </version>
</log>
<log realm="Q2.system" at="2020-08-10T22:10:21.643" lifespan="2ms">
  <version>
    jPOS 2.1.2 master/6f9379a (2018-09-19 16:33:22 ART) 

-----BEGIN PGP SIGNED MESSAGE-----
Hash: SHA1

jPOS Community Edition, licensed under GNU AGPL v3.0.
This software is probably not suitable for commercial use.
Please see http://jpos.org/license for details.

-----BEGIN PGP SIGNATURE-----
Version: GnuPG v1.4.9 (Darwin)

iQEcBAEBAgAGBQJMolHDAAoJEOQyeO71nYtFv74H/3OgehDGEy1VXp2U3/GcAobg
HH2eZjPUz53r38ARPiU3pzm9LwDa3WZgJJaa/b9VrJwKvbPwe9+0kY3gScDE1skT
ladHt+KHHmGQArEutkzHlpZa73RbroFEIa1qmN6MaDEHGoxZqDh0Sv2cpvOaVYGO
St8ZaddLBPC17bSjAPWo9sWbvL7FgPFOHhnPmbeux8SLtnfWxXWsgo5hLBanKmO1
1z+I/w/6DL6ZYZU6bAJUk+eyVVImJqw0x3IEElI07Nh9MC6BA4iJ77ejobj8HI2r
q9ulRPEqH9NR79619lNKVUkE206dVlXo7xHmJS1QZy5v/GT66xBxyDVfTduPFXk=
=oP+v
-----END PGP SIGNATURE-----

  </version>
</log>
<log realm="Q2.system" at="2020-08-10T23:10:23.715" lifespan="2ms">
  <version>
    jPOS 2.1.2 master/6f9379a (2018-09-19 16:33:22 ART) 

-----BEGIN PGP SIGNED MESSAGE-----
Hash: SHA1

jPOS Community Edition, licensed under GNU AGPL v3.0.
This software is probably not suitable for commercial use.
Please see http://jpos.org/license for details.

-----BEGIN PGP SIGNATURE-----
Version: GnuPG v1.4.9 (Darwin)

iQEcBAEBAgAGBQJMolHDAAoJEOQyeO71nYtFv74H/3OgehDGEy1VXp2U3/GcAobg
HH2eZjPUz53r38ARPiU3pzm9LwDa3WZgJJaa/b9VrJwKvbPwe9+0kY3gScDE1skT
ladHt+KHHmGQArEutkzHlpZa73RbroFEIa1qmN6MaDEHGoxZqDh0Sv2cpvOaVYGO
St8ZaddLBPC17bSjAPWo9sWbvL7FgPFOHhnPmbeux8SLtnfWxXWsgo5hLBanKmO1
1z+I/w/6DL6ZYZU6bAJUk+eyVVImJqw0x3IEElI07Nh9MC6BA4iJ77ejobj8HI2r
q9ulRPEqH9NR79619lNKVUkE206dVlXo7xHmJS1QZy5v/GT66xBxyDVfTduPFXk=
=oP+v
-----END PGP SIGNATURE-----

  </version>
</log>
<log realm="Q2.system" at="2020-08-11T00:10:27.119" lifespan="873ms">
  <version>
    jPOS 2.1.2 master/6f9379a (2018-09-19 16:33:22 ART) 

-----BEGIN PGP SIGNED MESSAGE-----
Hash: SHA1

jPOS Community Edition, licensed under GNU AGPL v3.0.
This software is probably not suitable for commercial use.
Please see http://jpos.org/license for details.

-----BEGIN PGP SIGNATURE-----
Version: GnuPG v1.4.9 (Darwin)

iQEcBAEBAgAGBQJMolHDAAoJEOQyeO71nYtFv74H/3OgehDGEy1VXp2U3/GcAobg
HH2eZjPUz53r38ARPiU3pzm9LwDa3WZgJJaa/b9VrJwKvbPwe9+0kY3gScDE1skT
ladHt+KHHmGQArEutkzHlpZa73RbroFEIa1qmN6MaDEHGoxZqDh0Sv2cpvOaVYGO
St8ZaddLBPC17bSjAPWo9sWbvL7FgPFOHhnPmbeux8SLtnfWxXWsgo5hLBanKmO1
1z+I/w/6DL6ZYZU6bAJUk+eyVVImJqw0x3IEElI07Nh9MC6BA4iJ77ejobj8HI2r
q9ulRPEqH9NR79619lNKVUkE206dVlXo7xHmJS1QZy5v/GT66xBxyDVfTduPFXk=
=oP+v
-----END PGP SIGNATURE-----

  </version>
</log>
<log realm="Q2.system" at="2020-08-11T01:10:27.864" lifespan="3ms">
  <version>
    jPOS 2.1.2 master/6f9379a (2018-09-19 16:33:22 ART) 

-----BEGIN PGP SIGNED MESSAGE-----
Hash: SHA1

jPOS Community Edition, licensed under GNU AGPL v3.0.
This software is probably not suitable for commercial use.
Please see http://jpos.org/license for details.

-----BEGIN PGP SIGNATURE-----
Version: GnuPG v1.4.9 (Darwin)

iQEcBAEBAgAGBQJMolHDAAoJEOQyeO71nYtFv74H/3OgehDGEy1VXp2U3/GcAobg
HH2eZjPUz53r38ARPiU3pzm9LwDa3WZgJJaa/b9VrJwKvbPwe9+0kY3gScDE1skT
ladHt+KHHmGQArEutkzHlpZa73RbroFEIa1qmN6MaDEHGoxZqDh0Sv2cpvOaVYGO
St8ZaddLBPC17bSjAPWo9sWbvL7FgPFOHhnPmbeux8SLtnfWxXWsgo5hLBanKmO1
1z+I/w/6DL6ZYZU6bAJUk+eyVVImJqw0x3IEElI07Nh9MC6BA4iJ77ejobj8HI2r
q9ulRPEqH9NR79619lNKVUkE206dVlXo7xHmJS1QZy5v/GT66xBxyDVfTduPFXk=
=oP+v
-----END PGP SIGNATURE-----

  </version>
</log>
<log realm="org.jpos.q2.qbean.SystemMonitor" at="2020-08-11T02:06:07.168">
  <info>
               OS: Windows 10 (10.0)
             Java: 1.8.0_221 (Oracle Corporation) AES-secure
     process name: 18232@DESKTOP-4DN7F97
        user name: user
             host: DESKTOP-4DN7F97/127.0.0.1
              cwd: C:\Users\user\Downloads\gatewaytraining (1)\gatewaytraining
       free space: 170.3 GiB
          version: 2.1.2 (6f9379a)
         instance: 122faf24-8cdd-457f-b0a2-589ba02d7cf4
           uptime: 13:23:05.844 (-1.000000)
       processors: 8
           drift : 12183939
    memory(t/u/f): 537/157/380
         encoding: UTF-8
         timezone: Africa/Nairobi (Eastern Africa Time) +03:00
    watch service: sun.nio.fs.WindowsWatchService
            clock: 1597100767 2020-08-10T23:06:07.168Z
     thread count: 70
     peak threads: 74
     user threads: 64
            Thread[Reference Handler,10,system]
            Thread[Finalizer,8,system]
            Thread[Signal Dispatcher,9,system]
            Thread[Attach Listener,5,system]
            Thread[RMI TCP Accept-0,5,system]
            Thread[RMI Scheduler(0),5,system]
            Thread[Monitor Ctrl-Break,5,main]
            Thread[Catalina-utility-1,1,main]
            Thread[Catalina-utility-2,1,main]
            Thread[container-0,5,main]
            Thread[HikariPool-1 housekeeper,5,main]
            Thread[http-nio-6000-BlockPoller,5,main]
            Thread[http-nio-6000-exec-1,5,main]
            Thread[http-nio-6000-exec-2,5,main]
            Thread[http-nio-6000-exec-3,5,main]
            Thread[http-nio-6000-exec-4,5,main]
            Thread[http-nio-6000-exec-5,5,main]
            Thread[http-nio-6000-exec-6,5,main]
            Thread[http-nio-6000-exec-7,5,main]
            Thread[http-nio-6000-exec-8,5,main]
            Thread[http-nio-6000-exec-9,5,main]
            Thread[http-nio-6000-exec-10,5,main]
            Thread[http-nio-6000-ClientPoller,5,main]
            Thread[http-nio-6000-Acceptor,5,main]
            Thread[pool-1-thread-1,5,main]
            Thread[Q2-122faf24-8cdd-457f-b0a2-589ba02d7cf4,5,main]
            Thread[Thread-171,5,main]
            Thread[Timer-0,5,main]
            Thread[Timer-1,5,main]
            Thread[Thread-178,5,main]
            Thread[FileDeletionDetector,5,main]
            Thread[LogFlusher,5,main]
            Thread[DataCorruptionVerifier,5,main]
            Thread[INCompressor,5,main]
            Thread[Cleaner-1,5,main]
            Thread[Checkpointer,5,main]
            Thread[StatCapture,5,main]
            Thread[Thread-182,5,main]
            Thread[Timer-2,5,main]
            Thread[SimpleTransactionManager-2:idle,5,main]
            Thread[SimpleTransactionManager-1:idle,5,main]
            Thread[SimpleTransactionManager-0:idle,5,main]
            Thread[SimpleTransactionManager-3:idle,5,main]
            Thread[SimpleTransactionManager-4:idle,5,main]
            Thread[SimpleTransactionManager-5:idle,5,main]
            Thread[SimpleTransactionManager-7:idle,5,main]
            Thread[SimpleTransactionManager-6:idle,5,main]
            Thread[SimpleTransactionManager-9:idle,5,main]
            Thread[SimpleTransactionManager-8:idle,5,main]
            Thread[SimpleTransactionManager-10:idle,5,main]
            Thread[SimpleTransactionManager-11:idle,5,main]
            Thread[SimpleTransactionManager-13:idle,5,main]
            Thread[SimpleTransactionManager-12:idle,5,main]
            Thread[SimpleTransactionManager-14:idle,5,main]
            Thread[SimpleTransactionManager-15:idle,5,main]
            Thread[SimpleTransactionManager-17:idle,5,main]
            Thread[SimpleTransactionManager-16:idle,5,main]
            Thread[SimpleTransactionManager-18:idle,5,main]
            Thread[SimpleTransactionManager-19:idle,5,main]
            Thread[SimpleTransactionManager-20:idle,5,main]
            Thread[SimpleTransactionManager-22:idle,5,main]
            Thread[SimpleTransactionManager-21:idle,5,main]
            Thread[SimpleTransactionManager-23:idle,5,main]
            Thread[pool-2-thread-1,5,main]
            Thread[SimpleTransactionManager-input-queue-monitor,5,main]
            Thread[SystemMonitor,5,main]
            Thread[DestroyJavaVM,5,main]
            Thread[HikariPool-1 connection closer,5,main]
            Thread[HikariPool-1 connection adder,5,main]
            Thread[ISOServer-ThreadPool.PooledThread-0-idle,5,ISOServer-ThreadPool-0]
    name-registrar:
      tspace:default: org.jpos.space.TSpace
         key-count: 0
            gcinfo: 0,0
      tspace:txnmgr: org.jpos.space.TSpace
         key-count: 0
            gcinfo: 0,0
      ISOServer: org.jpos.q2.iso.QServer
      Q2: org.jpos.q2.Q2
      server.ISOServer: org.jpos.iso.ISOServer
        connected=0, rx=0, tx=0, last=1597052594555, idle=48172620ms
      logger.Q2: org.jpos.util.Logger
      transient:default: org.jpos.space.TSpace
        <key count='1'>$TAILLOCK.1550249940</key>
         key-count: 1
            gcinfo: 0,0
      logger.Q2.buffered: org.jpos.util.BufferedLogListener
      je:txnmgr: org.jpos.space.JESpace
        <key size='1'>$HEAD</key>
        <key size='1'>$TAIL</key>
        <keycount>2</keycount>
      SimpleTransactionManager: org.jpos.transaction.TransactionManager
        in-transit=0/0, head=1, tail=1, paused=0, outstanding=0, active-sessions=24/4096, tps=0, peak=0, avg=0.00
  </info>
</log>
<log realm="Q2.system" at="2020-08-11T02:10:30.326" lifespan="4ms">
  <version>
    jPOS 2.1.2 master/6f9379a (2018-09-19 16:33:22 ART) 

-----BEGIN PGP SIGNED MESSAGE-----
Hash: SHA1

jPOS Community Edition, licensed under GNU AGPL v3.0.
This software is probably not suitable for commercial use.
Please see http://jpos.org/license for details.

-----BEGIN PGP SIGNATURE-----
Version: GnuPG v1.4.9 (Darwin)

iQEcBAEBAgAGBQJMolHDAAoJEOQyeO71nYtFv74H/3OgehDGEy1VXp2U3/GcAobg
HH2eZjPUz53r38ARPiU3pzm9LwDa3WZgJJaa/b9VrJwKvbPwe9+0kY3gScDE1skT
ladHt+KHHmGQArEutkzHlpZa73RbroFEIa1qmN6MaDEHGoxZqDh0Sv2cpvOaVYGO
St8ZaddLBPC17bSjAPWo9sWbvL7FgPFOHhnPmbeux8SLtnfWxXWsgo5hLBanKmO1
1z+I/w/6DL6ZYZU6bAJUk+eyVVImJqw0x3IEElI07Nh9MC6BA4iJ77ejobj8HI2r
q9ulRPEqH9NR79619lNKVUkE206dVlXo7xHmJS1QZy5v/GT66xBxyDVfTduPFXk=
=oP+v
-----END PGP SIGNATURE-----

  </version>
</log>
<log realm="Q2.system" at="2020-08-11T03:10:32.465" lifespan="3ms">
  <version>
    jPOS 2.1.2 master/6f9379a (2018-09-19 16:33:22 ART) 

-----BEGIN PGP SIGNED MESSAGE-----
Hash: SHA1

jPOS Community Edition, licensed under GNU AGPL v3.0.
This software is probably not suitable for commercial use.
Please see http://jpos.org/license for details.

-----BEGIN PGP SIGNATURE-----
Version: GnuPG v1.4.9 (Darwin)

iQEcBAEBAgAGBQJMolHDAAoJEOQyeO71nYtFv74H/3OgehDGEy1VXp2U3/GcAobg
HH2eZjPUz53r38ARPiU3pzm9LwDa3WZgJJaa/b9VrJwKvbPwe9+0kY3gScDE1skT
ladHt+KHHmGQArEutkzHlpZa73RbroFEIa1qmN6MaDEHGoxZqDh0Sv2cpvOaVYGO
St8ZaddLBPC17bSjAPWo9sWbvL7FgPFOHhnPmbeux8SLtnfWxXWsgo5hLBanKmO1
1z+I/w/6DL6ZYZU6bAJUk+eyVVImJqw0x3IEElI07Nh9MC6BA4iJ77ejobj8HI2r
q9ulRPEqH9NR79619lNKVUkE206dVlXo7xHmJS1QZy5v/GT66xBxyDVfTduPFXk=
=oP+v
-----END PGP SIGNATURE-----

  </version>
</log>
<log realm="rotate-log-listener" at="Tue Aug 11 03:23:03 EAT 2020">
   time exceeded - log rotated
</log>
</logger>
