<?xml version="1.0" encoding="UTF-8"?>
<logger class="org.jpos.util.DailyLogListener">
<log realm="rotate-log-listener" at="Wed Aug 19 01:05:47 EAT 2020">
   maxage feature is disabled.
</log>
<log realm="Q2.system" at="2020-08-19T01:35:05.448" lifespan="29ms">
  <version>
    jPOS 2.1.2 master/6f9379a (2018-09-19 16:33:22 ART) 

-----BEGIN PGP SIGNED MESSAGE-----
Hash: SHA1

jPOS Community Edition, licensed under GNU AGPL v3.0.
This software is probably not suitable for commercial use.
Please see http://jpos.org/license for details.

-----BEGIN PGP SIGNATURE-----
Version: GnuPG v1.4.9 (Darwin)

iQEcBAEBAgAGBQJMolHDAAoJEOQyeO71nYtFv74H/3OgehDGEy1VXp2U3/GcAobg
HH2eZjPUz53r38ARPiU3pzm9LwDa3WZgJJaa/b9VrJwKvbPwe9+0kY3gScDE1skT
ladHt+KHHmGQArEutkzHlpZa73RbroFEIa1qmN6MaDEHGoxZqDh0Sv2cpvOaVYGO
St8ZaddLBPC17bSjAPWo9sWbvL7FgPFOHhnPmbeux8SLtnfWxXWsgo5hLBanKmO1
1z+I/w/6DL6ZYZU6bAJUk+eyVVImJqw0x3IEElI07Nh9MC6BA4iJ77ejobj8HI2r
q9ulRPEqH9NR79619lNKVUkE206dVlXo7xHmJS1QZy5v/GT66xBxyDVfTduPFXk=
=oP+v
-----END PGP SIGNATURE-----

  </version>
</log>
<log realm="Q2.system" at="2020-08-19T02:35:06.207" lifespan="3ms">
  <version>
    jPOS 2.1.2 master/6f9379a (2018-09-19 16:33:22 ART) 

-----BEGIN PGP SIGNED MESSAGE-----
Hash: SHA1

jPOS Community Edition, licensed under GNU AGPL v3.0.
This software is probably not suitable for commercial use.
Please see http://jpos.org/license for details.

-----BEGIN PGP SIGNATURE-----
Version: GnuPG v1.4.9 (Darwin)

iQEcBAEBAgAGBQJMolHDAAoJEOQyeO71nYtFv74H/3OgehDGEy1VXp2U3/GcAobg
HH2eZjPUz53r38ARPiU3pzm9LwDa3WZgJJaa/b9VrJwKvbPwe9+0kY3gScDE1skT
ladHt+KHHmGQArEutkzHlpZa73RbroFEIa1qmN6MaDEHGoxZqDh0Sv2cpvOaVYGO
St8ZaddLBPC17bSjAPWo9sWbvL7FgPFOHhnPmbeux8SLtnfWxXWsgo5hLBanKmO1
1z+I/w/6DL6ZYZU6bAJUk+eyVVImJqw0x3IEElI07Nh9MC6BA4iJ77ejobj8HI2r
q9ulRPEqH9NR79619lNKVUkE206dVlXo7xHmJS1QZy5v/GT66xBxyDVfTduPFXk=
=oP+v
-----END PGP SIGNATURE-----

  </version>
</log>
<log realm="Q2.system" at="2020-08-19T03:35:07.042" lifespan="21ms">
  <version>
    jPOS 2.1.2 master/6f9379a (2018-09-19 16:33:22 ART) 

-----BEGIN PGP SIGNED MESSAGE-----
Hash: SHA1

jPOS Community Edition, licensed under GNU AGPL v3.0.
This software is probably not suitable for commercial use.
Please see http://jpos.org/license for details.

-----BEGIN PGP SIGNATURE-----
Version: GnuPG v1.4.9 (Darwin)

iQEcBAEBAgAGBQJMolHDAAoJEOQyeO71nYtFv74H/3OgehDGEy1VXp2U3/GcAobg
HH2eZjPUz53r38ARPiU3pzm9LwDa3WZgJJaa/b9VrJwKvbPwe9+0kY3gScDE1skT
ladHt+KHHmGQArEutkzHlpZa73RbroFEIa1qmN6MaDEHGoxZqDh0Sv2cpvOaVYGO
St8ZaddLBPC17bSjAPWo9sWbvL7FgPFOHhnPmbeux8SLtnfWxXWsgo5hLBanKmO1
1z+I/w/6DL6ZYZU6bAJUk+eyVVImJqw0x3IEElI07Nh9MC6BA4iJ77ejobj8HI2r
q9ulRPEqH9NR79619lNKVUkE206dVlXo7xHmJS1QZy5v/GT66xBxyDVfTduPFXk=
=oP+v
-----END PGP SIGNATURE-----

  </version>
</log>
<log realm="Q2.system" at="2020-08-19T04:35:07.767" lifespan="3ms">
  <version>
    jPOS 2.1.2 master/6f9379a (2018-09-19 16:33:22 ART) 

-----BEGIN PGP SIGNED MESSAGE-----
Hash: SHA1

jPOS Community Edition, licensed under GNU AGPL v3.0.
This software is probably not suitable for commercial use.
Please see http://jpos.org/license for details.

-----BEGIN PGP SIGNATURE-----
Version: GnuPG v1.4.9 (Darwin)

iQEcBAEBAgAGBQJMolHDAAoJEOQyeO71nYtFv74H/3OgehDGEy1VXp2U3/GcAobg
HH2eZjPUz53r38ARPiU3pzm9LwDa3WZgJJaa/b9VrJwKvbPwe9+0kY3gScDE1skT
ladHt+KHHmGQArEutkzHlpZa73RbroFEIa1qmN6MaDEHGoxZqDh0Sv2cpvOaVYGO
St8ZaddLBPC17bSjAPWo9sWbvL7FgPFOHhnPmbeux8SLtnfWxXWsgo5hLBanKmO1
1z+I/w/6DL6ZYZU6bAJUk+eyVVImJqw0x3IEElI07Nh9MC6BA4iJ77ejobj8HI2r
q9ulRPEqH9NR79619lNKVUkE206dVlXo7xHmJS1QZy5v/GT66xBxyDVfTduPFXk=
=oP+v
-----END PGP SIGNATURE-----

  </version>
</log>
<log realm="Q2.system" at="2020-08-19T05:35:08.360" lifespan="4ms">
  <version>
    jPOS 2.1.2 master/6f9379a (2018-09-19 16:33:22 ART) 

-----BEGIN PGP SIGNED MESSAGE-----
Hash: SHA1

jPOS Community Edition, licensed under GNU AGPL v3.0.
This software is probably not suitable for commercial use.
Please see http://jpos.org/license for details.

-----BEGIN PGP SIGNATURE-----
Version: GnuPG v1.4.9 (Darwin)

iQEcBAEBAgAGBQJMolHDAAoJEOQyeO71nYtFv74H/3OgehDGEy1VXp2U3/GcAobg
HH2eZjPUz53r38ARPiU3pzm9LwDa3WZgJJaa/b9VrJwKvbPwe9+0kY3gScDE1skT
ladHt+KHHmGQArEutkzHlpZa73RbroFEIa1qmN6MaDEHGoxZqDh0Sv2cpvOaVYGO
St8ZaddLBPC17bSjAPWo9sWbvL7FgPFOHhnPmbeux8SLtnfWxXWsgo5hLBanKmO1
1z+I/w/6DL6ZYZU6bAJUk+eyVVImJqw0x3IEElI07Nh9MC6BA4iJ77ejobj8HI2r
q9ulRPEqH9NR79619lNKVUkE206dVlXo7xHmJS1QZy5v/GT66xBxyDVfTduPFXk=
=oP+v
-----END PGP SIGNATURE-----

  </version>
</log>
<log realm="Q2.system" at="2020-08-19T06:35:08.807" lifespan="22ms">
  <version>
    jPOS 2.1.2 master/6f9379a (2018-09-19 16:33:22 ART) 

-----BEGIN PGP SIGNED MESSAGE-----
Hash: SHA1

jPOS Community Edition, licensed under GNU AGPL v3.0.
This software is probably not suitable for commercial use.
Please see http://jpos.org/license for details.

-----BEGIN PGP SIGNATURE-----
Version: GnuPG v1.4.9 (Darwin)

iQEcBAEBAgAGBQJMolHDAAoJEOQyeO71nYtFv74H/3OgehDGEy1VXp2U3/GcAobg
HH2eZjPUz53r38ARPiU3pzm9LwDa3WZgJJaa/b9VrJwKvbPwe9+0kY3gScDE1skT
ladHt+KHHmGQArEutkzHlpZa73RbroFEIa1qmN6MaDEHGoxZqDh0Sv2cpvOaVYGO
St8ZaddLBPC17bSjAPWo9sWbvL7FgPFOHhnPmbeux8SLtnfWxXWsgo5hLBanKmO1
1z+I/w/6DL6ZYZU6bAJUk+eyVVImJqw0x3IEElI07Nh9MC6BA4iJ77ejobj8HI2r
q9ulRPEqH9NR79619lNKVUkE206dVlXo7xHmJS1QZy5v/GT66xBxyDVfTduPFXk=
=oP+v
-----END PGP SIGNATURE-----

  </version>
</log>
<log realm="Q2.system" at="2020-08-19T07:35:09.100" lifespan="6ms">
  <version>
    jPOS 2.1.2 master/6f9379a (2018-09-19 16:33:22 ART) 

-----BEGIN PGP SIGNED MESSAGE-----
Hash: SHA1

jPOS Community Edition, licensed under GNU AGPL v3.0.
This software is probably not suitable for commercial use.
Please see http://jpos.org/license for details.

-----BEGIN PGP SIGNATURE-----
Version: GnuPG v1.4.9 (Darwin)

iQEcBAEBAgAGBQJMolHDAAoJEOQyeO71nYtFv74H/3OgehDGEy1VXp2U3/GcAobg
HH2eZjPUz53r38ARPiU3pzm9LwDa3WZgJJaa/b9VrJwKvbPwe9+0kY3gScDE1skT
ladHt+KHHmGQArEutkzHlpZa73RbroFEIa1qmN6MaDEHGoxZqDh0Sv2cpvOaVYGO
St8ZaddLBPC17bSjAPWo9sWbvL7FgPFOHhnPmbeux8SLtnfWxXWsgo5hLBanKmO1
1z+I/w/6DL6ZYZU6bAJUk+eyVVImJqw0x3IEElI07Nh9MC6BA4iJ77ejobj8HI2r
q9ulRPEqH9NR79619lNKVUkE206dVlXo7xHmJS1QZy5v/GT66xBxyDVfTduPFXk=
=oP+v
-----END PGP SIGNATURE-----

  </version>
</log>
<log realm="Q2.system" at="2020-08-19T08:35:11.399" lifespan="5ms">
  <version>
    jPOS 2.1.2 master/6f9379a (2018-09-19 16:33:22 ART) 

-----BEGIN PGP SIGNED MESSAGE-----
Hash: SHA1

jPOS Community Edition, licensed under GNU AGPL v3.0.
This software is probably not suitable for commercial use.
Please see http://jpos.org/license for details.

-----BEGIN PGP SIGNATURE-----
Version: GnuPG v1.4.9 (Darwin)

iQEcBAEBAgAGBQJMolHDAAoJEOQyeO71nYtFv74H/3OgehDGEy1VXp2U3/GcAobg
HH2eZjPUz53r38ARPiU3pzm9LwDa3WZgJJaa/b9VrJwKvbPwe9+0kY3gScDE1skT
ladHt+KHHmGQArEutkzHlpZa73RbroFEIa1qmN6MaDEHGoxZqDh0Sv2cpvOaVYGO
St8ZaddLBPC17bSjAPWo9sWbvL7FgPFOHhnPmbeux8SLtnfWxXWsgo5hLBanKmO1
1z+I/w/6DL6ZYZU6bAJUk+eyVVImJqw0x3IEElI07Nh9MC6BA4iJ77ejobj8HI2r
q9ulRPEqH9NR79619lNKVUkE206dVlXo7xHmJS1QZy5v/GT66xBxyDVfTduPFXk=
=oP+v
-----END PGP SIGNATURE-----

  </version>
</log>
