<?xml version="1.0" encoding="UTF-8"?>
<logger class="org.jpos.util.DailyLogListener">
<log realm="rotate-log-listener" at="Sat Aug 15 04:15:20 EAT 2020">
   maxage feature is disabled.
</log>
<log realm="Q2.system" at="2020-08-15T04:33:42.423" lifespan="3ms">
  <version>
    jPOS 2.1.2 master/6f9379a (2018-09-19 16:33:22 ART) 

-----BEGIN PGP SIGNED MESSAGE-----
Hash: SHA1

jPOS Community Edition, licensed under GNU AGPL v3.0.
This software is probably not suitable for commercial use.
Please see http://jpos.org/license for details.

-----BEGIN PGP SIGNATURE-----
Version: GnuPG v1.4.9 (Darwin)

iQEcBAEBAgAGBQJMolHDAAoJEOQyeO71nYtFv74H/3OgehDGEy1VXp2U3/GcAobg
HH2eZjPUz53r38ARPiU3pzm9LwDa3WZgJJaa/b9VrJwKvbPwe9+0kY3gScDE1skT
ladHt+KHHmGQArEutkzHlpZa73RbroFEIa1qmN6MaDEHGoxZqDh0Sv2cpvOaVYGO
St8ZaddLBPC17bSjAPWo9sWbvL7FgPFOHhnPmbeux8SLtnfWxXWsgo5hLBanKmO1
1z+I/w/6DL6ZYZU6bAJUk+eyVVImJqw0x3IEElI07Nh9MC6BA4iJ77ejobj8HI2r
q9ulRPEqH9NR79619lNKVUkE206dVlXo7xHmJS1QZy5v/GT66xBxyDVfTduPFXk=
=oP+v
-----END PGP SIGNATURE-----

  </version>
</log>
<log realm="Q2.system" at="2020-08-15T05:33:44.870" lifespan="5ms">
  <version>
    jPOS 2.1.2 master/6f9379a (2018-09-19 16:33:22 ART) 

-----BEGIN PGP SIGNED MESSAGE-----
Hash: SHA1

jPOS Community Edition, licensed under GNU AGPL v3.0.
This software is probably not suitable for commercial use.
Please see http://jpos.org/license for details.

-----BEGIN PGP SIGNATURE-----
Version: GnuPG v1.4.9 (Darwin)

iQEcBAEBAgAGBQJMolHDAAoJEOQyeO71nYtFv74H/3OgehDGEy1VXp2U3/GcAobg
HH2eZjPUz53r38ARPiU3pzm9LwDa3WZgJJaa/b9VrJwKvbPwe9+0kY3gScDE1skT
ladHt+KHHmGQArEutkzHlpZa73RbroFEIa1qmN6MaDEHGoxZqDh0Sv2cpvOaVYGO
St8ZaddLBPC17bSjAPWo9sWbvL7FgPFOHhnPmbeux8SLtnfWxXWsgo5hLBanKmO1
1z+I/w/6DL6ZYZU6bAJUk+eyVVImJqw0x3IEElI07Nh9MC6BA4iJ77ejobj8HI2r
q9ulRPEqH9NR79619lNKVUkE206dVlXo7xHmJS1QZy5v/GT66xBxyDVfTduPFXk=
=oP+v
-----END PGP SIGNATURE-----

  </version>
</log>
<log realm="Q2.system" at="2020-08-15T09:15:29.980" lifespan="5ms">
  <version>
    jPOS 2.1.2 master/6f9379a (2018-09-19 16:33:22 ART) 

-----BEGIN PGP SIGNED MESSAGE-----
Hash: SHA1

jPOS Community Edition, licensed under GNU AGPL v3.0.
This software is probably not suitable for commercial use.
Please see http://jpos.org/license for details.

-----BEGIN PGP SIGNATURE-----
Version: GnuPG v1.4.9 (Darwin)

iQEcBAEBAgAGBQJMolHDAAoJEOQyeO71nYtFv74H/3OgehDGEy1VXp2U3/GcAobg
HH2eZjPUz53r38ARPiU3pzm9LwDa3WZgJJaa/b9VrJwKvbPwe9+0kY3gScDE1skT
ladHt+KHHmGQArEutkzHlpZa73RbroFEIa1qmN6MaDEHGoxZqDh0Sv2cpvOaVYGO
St8ZaddLBPC17bSjAPWo9sWbvL7FgPFOHhnPmbeux8SLtnfWxXWsgo5hLBanKmO1
1z+I/w/6DL6ZYZU6bAJUk+eyVVImJqw0x3IEElI07Nh9MC6BA4iJ77ejobj8HI2r
q9ulRPEqH9NR79619lNKVUkE206dVlXo7xHmJS1QZy5v/GT66xBxyDVfTduPFXk=
=oP+v
-----END PGP SIGNATURE-----

  </version>
</log>
<log realm="Q2.system" at="2020-08-15T10:50:49.360" lifespan="493ms">
  <version>
    jPOS 2.1.2 master/6f9379a (2018-09-19 16:33:22 ART) 

-----BEGIN PGP SIGNED MESSAGE-----
Hash: SHA1

jPOS Community Edition, licensed under GNU AGPL v3.0.
This software is probably not suitable for commercial use.
Please see http://jpos.org/license for details.

-----BEGIN PGP SIGNATURE-----
Version: GnuPG v1.4.9 (Darwin)

iQEcBAEBAgAGBQJMolHDAAoJEOQyeO71nYtFv74H/3OgehDGEy1VXp2U3/GcAobg
HH2eZjPUz53r38ARPiU3pzm9LwDa3WZgJJaa/b9VrJwKvbPwe9+0kY3gScDE1skT
ladHt+KHHmGQArEutkzHlpZa73RbroFEIa1qmN6MaDEHGoxZqDh0Sv2cpvOaVYGO
St8ZaddLBPC17bSjAPWo9sWbvL7FgPFOHhnPmbeux8SLtnfWxXWsgo5hLBanKmO1
1z+I/w/6DL6ZYZU6bAJUk+eyVVImJqw0x3IEElI07Nh9MC6BA4iJ77ejobj8HI2r
q9ulRPEqH9NR79619lNKVUkE206dVlXo7xHmJS1QZy5v/GT66xBxyDVfTduPFXk=
=oP+v
-----END PGP SIGNATURE-----

  </version>
</log>
<log realm="Q2.system" at="2020-08-15T11:50:49.993" lifespan="120ms">
  <version>
    jPOS 2.1.2 master/6f9379a (2018-09-19 16:33:22 ART) 

-----BEGIN PGP SIGNED MESSAGE-----
Hash: SHA1

jPOS Community Edition, licensed under GNU AGPL v3.0.
This software is probably not suitable for commercial use.
Please see http://jpos.org/license for details.

-----BEGIN PGP SIGNATURE-----
Version: GnuPG v1.4.9 (Darwin)

iQEcBAEBAgAGBQJMolHDAAoJEOQyeO71nYtFv74H/3OgehDGEy1VXp2U3/GcAobg
HH2eZjPUz53r38ARPiU3pzm9LwDa3WZgJJaa/b9VrJwKvbPwe9+0kY3gScDE1skT
ladHt+KHHmGQArEutkzHlpZa73RbroFEIa1qmN6MaDEHGoxZqDh0Sv2cpvOaVYGO
St8ZaddLBPC17bSjAPWo9sWbvL7FgPFOHhnPmbeux8SLtnfWxXWsgo5hLBanKmO1
1z+I/w/6DL6ZYZU6bAJUk+eyVVImJqw0x3IEElI07Nh9MC6BA4iJ77ejobj8HI2r
q9ulRPEqH9NR79619lNKVUkE206dVlXo7xHmJS1QZy5v/GT66xBxyDVfTduPFXk=
=oP+v
-----END PGP SIGNATURE-----

  </version>
</log>
<log realm="Q2.system" at="2020-08-15T12:50:51.106" lifespan="35ms">
  <version>
    jPOS 2.1.2 master/6f9379a (2018-09-19 16:33:22 ART) 

-----BEGIN PGP SIGNED MESSAGE-----
Hash: SHA1

jPOS Community Edition, licensed under GNU AGPL v3.0.
This software is probably not suitable for commercial use.
Please see http://jpos.org/license for details.

-----BEGIN PGP SIGNATURE-----
Version: GnuPG v1.4.9 (Darwin)

iQEcBAEBAgAGBQJMolHDAAoJEOQyeO71nYtFv74H/3OgehDGEy1VXp2U3/GcAobg
HH2eZjPUz53r38ARPiU3pzm9LwDa3WZgJJaa/b9VrJwKvbPwe9+0kY3gScDE1skT
ladHt+KHHmGQArEutkzHlpZa73RbroFEIa1qmN6MaDEHGoxZqDh0Sv2cpvOaVYGO
St8ZaddLBPC17bSjAPWo9sWbvL7FgPFOHhnPmbeux8SLtnfWxXWsgo5hLBanKmO1
1z+I/w/6DL6ZYZU6bAJUk+eyVVImJqw0x3IEElI07Nh9MC6BA4iJ77ejobj8HI2r
q9ulRPEqH9NR79619lNKVUkE206dVlXo7xHmJS1QZy5v/GT66xBxyDVfTduPFXk=
=oP+v
-----END PGP SIGNATURE-----

  </version>
</log>
<log realm="Q2.system" at="2020-08-15T13:50:51.661" lifespan="41ms">
  <version>
    jPOS 2.1.2 master/6f9379a (2018-09-19 16:33:22 ART) 

-----BEGIN PGP SIGNED MESSAGE-----
Hash: SHA1

jPOS Community Edition, licensed under GNU AGPL v3.0.
This software is probably not suitable for commercial use.
Please see http://jpos.org/license for details.

-----BEGIN PGP SIGNATURE-----
Version: GnuPG v1.4.9 (Darwin)

iQEcBAEBAgAGBQJMolHDAAoJEOQyeO71nYtFv74H/3OgehDGEy1VXp2U3/GcAobg
HH2eZjPUz53r38ARPiU3pzm9LwDa3WZgJJaa/b9VrJwKvbPwe9+0kY3gScDE1skT
ladHt+KHHmGQArEutkzHlpZa73RbroFEIa1qmN6MaDEHGoxZqDh0Sv2cpvOaVYGO
St8ZaddLBPC17bSjAPWo9sWbvL7FgPFOHhnPmbeux8SLtnfWxXWsgo5hLBanKmO1
1z+I/w/6DL6ZYZU6bAJUk+eyVVImJqw0x3IEElI07Nh9MC6BA4iJ77ejobj8HI2r
q9ulRPEqH9NR79619lNKVUkE206dVlXo7xHmJS1QZy5v/GT66xBxyDVfTduPFXk=
=oP+v
-----END PGP SIGNATURE-----

  </version>
</log>
<log realm="org.jpos.q2.qbean.SystemMonitor" at="2020-08-15T14:15:51.727" lifespan="1ms">
  <info>
               OS: Windows 10 (10.0)
             Java: 1.8.0_221 (Oracle Corporation) AES-secure
     process name: 29384@DESKTOP-4DN7F97
        user name: user
             host: DESKTOP-4DN7F97/127.0.0.1
              cwd: C:\Users\user\Downloads\gatewaytraining (1)\gatewaytraining
       free space: 177.1 GiB
          version: 2.1.2 (6f9379a)
         instance: 46f468c2-7a61-44d7-931f-52032b8f9f8e
           uptime: 3d 01:41:12.151 (-1.000000)
       processors: 8
           drift : 16591305
    memory(t/u/f): 391/211/179
         encoding: UTF-8
         timezone: Africa/Nairobi (Eastern Africa Time) +03:00
    watch service: sun.nio.fs.WindowsWatchService
            clock: 1597490152 2020-08-15T11:15:51.841Z
     thread count: 68
     peak threads: 74
     user threads: 62
            Thread[Reference Handler,10,system]
            Thread[Finalizer,8,system]
            Thread[Signal Dispatcher,9,system]
            Thread[Attach Listener,5,system]
            Thread[RMI TCP Accept-0,5,system]
            Thread[RMI Scheduler(0),5,system]
            Thread[Monitor Ctrl-Break,5,main]
            Thread[Catalina-utility-1,1,main]
            Thread[Catalina-utility-2,1,main]
            Thread[container-0,5,main]
            Thread[http-nio-6000-BlockPoller,5,main]
            Thread[http-nio-6000-exec-1,5,main]
            Thread[http-nio-6000-exec-2,5,main]
            Thread[http-nio-6000-exec-3,5,main]
            Thread[http-nio-6000-exec-4,5,main]
            Thread[http-nio-6000-exec-5,5,main]
            Thread[http-nio-6000-exec-6,5,main]
            Thread[http-nio-6000-exec-7,5,main]
            Thread[http-nio-6000-exec-8,5,main]
            Thread[http-nio-6000-exec-9,5,main]
            Thread[http-nio-6000-exec-10,5,main]
            Thread[http-nio-6000-ClientPoller,5,main]
            Thread[HikariPool-1 housekeeper,5,main]
            Thread[http-nio-6000-Acceptor,5,main]
            Thread[pool-1-thread-1,5,main]
            Thread[Q2-46f468c2-7a61-44d7-931f-52032b8f9f8e,5,main]
            Thread[Thread-173,5,main]
            Thread[Timer-0,5,main]
            Thread[Timer-1,5,main]
            Thread[Thread-180,5,main]
            Thread[FileDeletionDetector,5,main]
            Thread[LogFlusher,5,main]
            Thread[DataCorruptionVerifier,5,main]
            Thread[INCompressor,5,main]
            Thread[Cleaner-1,5,main]
            Thread[Checkpointer,5,main]
            Thread[StatCapture,5,main]
            Thread[Thread-184,5,main]
            Thread[Timer-2,5,main]
            Thread[SimpleTransactionManager-1:idle,5,main]
            Thread[SimpleTransactionManager-2:idle,5,main]
            Thread[SimpleTransactionManager-0:idle,5,main]
            Thread[SimpleTransactionManager-6:idle,5,main]
            Thread[SimpleTransactionManager-4:idle,5,main]
            Thread[SimpleTransactionManager-5:idle,5,main]
            Thread[SimpleTransactionManager-3:idle,5,main]
            Thread[SimpleTransactionManager-7:idle,5,main]
            Thread[SimpleTransactionManager-8:idle,5,main]
            Thread[SimpleTransactionManager-12:idle,5,main]
            Thread[SimpleTransactionManager-11:idle,5,main]
            Thread[SimpleTransactionManager-10:idle,5,main]
            Thread[SimpleTransactionManager-9:idle,5,main]
            Thread[SimpleTransactionManager-13:idle,5,main]
            Thread[SimpleTransactionManager-15:idle,5,main]
            Thread[SimpleTransactionManager-14:idle,5,main]
            Thread[SimpleTransactionManager-16:idle,5,main]
            Thread[SimpleTransactionManager-17:idle,5,main]
            Thread[SimpleTransactionManager-19:idle,5,main]
            Thread[SimpleTransactionManager-18:idle,5,main]
            Thread[SimpleTransactionManager-20:idle,5,main]
            Thread[SimpleTransactionManager-23:idle,5,main]
            Thread[SimpleTransactionManager-21:idle,5,main]
            Thread[SimpleTransactionManager-22:idle,5,main]
            Thread[pool-2-thread-1,5,main]
            Thread[SimpleTransactionManager-input-queue-monitor,5,main]
            Thread[SystemMonitor,5,main]
            Thread[DestroyJavaVM,5,main]
            Thread[ISOServer-ThreadPool.PooledThread-0,5,ISOServer-ThreadPool-0]
    name-registrar:
      tspace:default: org.jpos.space.TSpace
         key-count: 0
            gcinfo: 0,0
      tspace:txnmgr: org.jpos.space.TSpace
         key-count: 0
            gcinfo: 0,0
      ISOServer: org.jpos.q2.iso.QServer
      Q2: org.jpos.q2.Q2
      server.ISOServer: org.jpos.iso.ISOServer
        connected=0, rx=0, tx=0, last=0
      logger.Q2: org.jpos.util.Logger
      transient:default: org.jpos.space.TSpace
        <key count='1'>$TAILLOCK.194207090</key>
         key-count: 1
            gcinfo: 0,0
      logger.Q2.buffered: org.jpos.util.BufferedLogListener
      je:txnmgr: org.jpos.space.JESpace
        <key size='1'>$HEAD</key>
        <key size='1'>$TAIL</key>
        <keycount>2</keycount>
      SimpleTransactionManager: org.jpos.transaction.TransactionManager
        in-transit=0/0, head=1, tail=1, paused=0, outstanding=0, active-sessions=24/4096, tps=0, peak=0, avg=0.00
  </info>
</log>
<log realm="Q2.system" at="2020-08-15T14:50:52.365" lifespan="17ms">
  <version>
    jPOS 2.1.2 master/6f9379a (2018-09-19 16:33:22 ART) 

-----BEGIN PGP SIGNED MESSAGE-----
Hash: SHA1

jPOS Community Edition, licensed under GNU AGPL v3.0.
This software is probably not suitable for commercial use.
Please see http://jpos.org/license for details.

-----BEGIN PGP SIGNATURE-----
Version: GnuPG v1.4.9 (Darwin)

iQEcBAEBAgAGBQJMolHDAAoJEOQyeO71nYtFv74H/3OgehDGEy1VXp2U3/GcAobg
HH2eZjPUz53r38ARPiU3pzm9LwDa3WZgJJaa/b9VrJwKvbPwe9+0kY3gScDE1skT
ladHt+KHHmGQArEutkzHlpZa73RbroFEIa1qmN6MaDEHGoxZqDh0Sv2cpvOaVYGO
St8ZaddLBPC17bSjAPWo9sWbvL7FgPFOHhnPmbeux8SLtnfWxXWsgo5hLBanKmO1
1z+I/w/6DL6ZYZU6bAJUk+eyVVImJqw0x3IEElI07Nh9MC6BA4iJ77ejobj8HI2r
q9ulRPEqH9NR79619lNKVUkE206dVlXo7xHmJS1QZy5v/GT66xBxyDVfTduPFXk=
=oP+v
-----END PGP SIGNATURE-----

  </version>
</log>
<log realm="Q2.system" at="2020-08-15T15:50:54.221" lifespan="3ms">
  <version>
    jPOS 2.1.2 master/6f9379a (2018-09-19 16:33:22 ART) 

-----BEGIN PGP SIGNED MESSAGE-----
Hash: SHA1

jPOS Community Edition, licensed under GNU AGPL v3.0.
This software is probably not suitable for commercial use.
Please see http://jpos.org/license for details.

-----BEGIN PGP SIGNATURE-----
Version: GnuPG v1.4.9 (Darwin)

iQEcBAEBAgAGBQJMolHDAAoJEOQyeO71nYtFv74H/3OgehDGEy1VXp2U3/GcAobg
HH2eZjPUz53r38ARPiU3pzm9LwDa3WZgJJaa/b9VrJwKvbPwe9+0kY3gScDE1skT
ladHt+KHHmGQArEutkzHlpZa73RbroFEIa1qmN6MaDEHGoxZqDh0Sv2cpvOaVYGO
St8ZaddLBPC17bSjAPWo9sWbvL7FgPFOHhnPmbeux8SLtnfWxXWsgo5hLBanKmO1
1z+I/w/6DL6ZYZU6bAJUk+eyVVImJqw0x3IEElI07Nh9MC6BA4iJ77ejobj8HI2r
q9ulRPEqH9NR79619lNKVUkE206dVlXo7xHmJS1QZy5v/GT66xBxyDVfTduPFXk=
=oP+v
-----END PGP SIGNATURE-----

  </version>
</log>
<log realm="Q2.system" at="2020-08-15T16:50:55.269" lifespan="9ms">
  <version>
    jPOS 2.1.2 master/6f9379a (2018-09-19 16:33:22 ART) 

-----BEGIN PGP SIGNED MESSAGE-----
Hash: SHA1

jPOS Community Edition, licensed under GNU AGPL v3.0.
This software is probably not suitable for commercial use.
Please see http://jpos.org/license for details.

-----BEGIN PGP SIGNATURE-----
Version: GnuPG v1.4.9 (Darwin)

iQEcBAEBAgAGBQJMolHDAAoJEOQyeO71nYtFv74H/3OgehDGEy1VXp2U3/GcAobg
HH2eZjPUz53r38ARPiU3pzm9LwDa3WZgJJaa/b9VrJwKvbPwe9+0kY3gScDE1skT
ladHt+KHHmGQArEutkzHlpZa73RbroFEIa1qmN6MaDEHGoxZqDh0Sv2cpvOaVYGO
St8ZaddLBPC17bSjAPWo9sWbvL7FgPFOHhnPmbeux8SLtnfWxXWsgo5hLBanKmO1
1z+I/w/6DL6ZYZU6bAJUk+eyVVImJqw0x3IEElI07Nh9MC6BA4iJ77ejobj8HI2r
q9ulRPEqH9NR79619lNKVUkE206dVlXo7xHmJS1QZy5v/GT66xBxyDVfTduPFXk=
=oP+v
-----END PGP SIGNATURE-----

  </version>
</log>
<log realm="Q2.system" at="2020-08-15T17:50:57.481" lifespan="3ms">
  <version>
    jPOS 2.1.2 master/6f9379a (2018-09-19 16:33:22 ART) 

-----BEGIN PGP SIGNED MESSAGE-----
Hash: SHA1

jPOS Community Edition, licensed under GNU AGPL v3.0.
This software is probably not suitable for commercial use.
Please see http://jpos.org/license for details.

-----BEGIN PGP SIGNATURE-----
Version: GnuPG v1.4.9 (Darwin)

iQEcBAEBAgAGBQJMolHDAAoJEOQyeO71nYtFv74H/3OgehDGEy1VXp2U3/GcAobg
HH2eZjPUz53r38ARPiU3pzm9LwDa3WZgJJaa/b9VrJwKvbPwe9+0kY3gScDE1skT
ladHt+KHHmGQArEutkzHlpZa73RbroFEIa1qmN6MaDEHGoxZqDh0Sv2cpvOaVYGO
St8ZaddLBPC17bSjAPWo9sWbvL7FgPFOHhnPmbeux8SLtnfWxXWsgo5hLBanKmO1
1z+I/w/6DL6ZYZU6bAJUk+eyVVImJqw0x3IEElI07Nh9MC6BA4iJ77ejobj8HI2r
q9ulRPEqH9NR79619lNKVUkE206dVlXo7xHmJS1QZy5v/GT66xBxyDVfTduPFXk=
=oP+v
-----END PGP SIGNATURE-----

  </version>
</log>
<log realm="Q2.system" at="2020-08-15T18:50:59.804" lifespan="2ms">
  <version>
    jPOS 2.1.2 master/6f9379a (2018-09-19 16:33:22 ART) 

-----BEGIN PGP SIGNED MESSAGE-----
Hash: SHA1

jPOS Community Edition, licensed under GNU AGPL v3.0.
This software is probably not suitable for commercial use.
Please see http://jpos.org/license for details.

-----BEGIN PGP SIGNATURE-----
Version: GnuPG v1.4.9 (Darwin)

iQEcBAEBAgAGBQJMolHDAAoJEOQyeO71nYtFv74H/3OgehDGEy1VXp2U3/GcAobg
HH2eZjPUz53r38ARPiU3pzm9LwDa3WZgJJaa/b9VrJwKvbPwe9+0kY3gScDE1skT
ladHt+KHHmGQArEutkzHlpZa73RbroFEIa1qmN6MaDEHGoxZqDh0Sv2cpvOaVYGO
St8ZaddLBPC17bSjAPWo9sWbvL7FgPFOHhnPmbeux8SLtnfWxXWsgo5hLBanKmO1
1z+I/w/6DL6ZYZU6bAJUk+eyVVImJqw0x3IEElI07Nh9MC6BA4iJ77ejobj8HI2r
q9ulRPEqH9NR79619lNKVUkE206dVlXo7xHmJS1QZy5v/GT66xBxyDVfTduPFXk=
=oP+v
-----END PGP SIGNATURE-----

  </version>
</log>
<log realm="Q2.system" at="2020-08-15T19:51:01.954" lifespan="6ms">
  <version>
    jPOS 2.1.2 master/6f9379a (2018-09-19 16:33:22 ART) 

-----BEGIN PGP SIGNED MESSAGE-----
Hash: SHA1

jPOS Community Edition, licensed under GNU AGPL v3.0.
This software is probably not suitable for commercial use.
Please see http://jpos.org/license for details.

-----BEGIN PGP SIGNATURE-----
Version: GnuPG v1.4.9 (Darwin)

iQEcBAEBAgAGBQJMolHDAAoJEOQyeO71nYtFv74H/3OgehDGEy1VXp2U3/GcAobg
HH2eZjPUz53r38ARPiU3pzm9LwDa3WZgJJaa/b9VrJwKvbPwe9+0kY3gScDE1skT
ladHt+KHHmGQArEutkzHlpZa73RbroFEIa1qmN6MaDEHGoxZqDh0Sv2cpvOaVYGO
St8ZaddLBPC17bSjAPWo9sWbvL7FgPFOHhnPmbeux8SLtnfWxXWsgo5hLBanKmO1
1z+I/w/6DL6ZYZU6bAJUk+eyVVImJqw0x3IEElI07Nh9MC6BA4iJ77ejobj8HI2r
q9ulRPEqH9NR79619lNKVUkE206dVlXo7xHmJS1QZy5v/GT66xBxyDVfTduPFXk=
=oP+v
-----END PGP SIGNATURE-----

  </version>
</log>
<log realm="Q2.system" at="2020-08-15T20:51:02.043" lifespan="8ms">
  <version>
    jPOS 2.1.2 master/6f9379a (2018-09-19 16:33:22 ART) 

-----BEGIN PGP SIGNED MESSAGE-----
Hash: SHA1

jPOS Community Edition, licensed under GNU AGPL v3.0.
This software is probably not suitable for commercial use.
Please see http://jpos.org/license for details.

-----BEGIN PGP SIGNATURE-----
Version: GnuPG v1.4.9 (Darwin)

iQEcBAEBAgAGBQJMolHDAAoJEOQyeO71nYtFv74H/3OgehDGEy1VXp2U3/GcAobg
HH2eZjPUz53r38ARPiU3pzm9LwDa3WZgJJaa/b9VrJwKvbPwe9+0kY3gScDE1skT
ladHt+KHHmGQArEutkzHlpZa73RbroFEIa1qmN6MaDEHGoxZqDh0Sv2cpvOaVYGO
St8ZaddLBPC17bSjAPWo9sWbvL7FgPFOHhnPmbeux8SLtnfWxXWsgo5hLBanKmO1
1z+I/w/6DL6ZYZU6bAJUk+eyVVImJqw0x3IEElI07Nh9MC6BA4iJ77ejobj8HI2r
q9ulRPEqH9NR79619lNKVUkE206dVlXo7xHmJS1QZy5v/GT66xBxyDVfTduPFXk=
=oP+v
-----END PGP SIGNATURE-----

  </version>
</log>
<log realm="Q2.system" at="2020-08-15T21:51:04.192" lifespan="3ms">
  <version>
    jPOS 2.1.2 master/6f9379a (2018-09-19 16:33:22 ART) 

-----BEGIN PGP SIGNED MESSAGE-----
Hash: SHA1

jPOS Community Edition, licensed under GNU AGPL v3.0.
This software is probably not suitable for commercial use.
Please see http://jpos.org/license for details.

-----BEGIN PGP SIGNATURE-----
Version: GnuPG v1.4.9 (Darwin)

iQEcBAEBAgAGBQJMolHDAAoJEOQyeO71nYtFv74H/3OgehDGEy1VXp2U3/GcAobg
HH2eZjPUz53r38ARPiU3pzm9LwDa3WZgJJaa/b9VrJwKvbPwe9+0kY3gScDE1skT
ladHt+KHHmGQArEutkzHlpZa73RbroFEIa1qmN6MaDEHGoxZqDh0Sv2cpvOaVYGO
St8ZaddLBPC17bSjAPWo9sWbvL7FgPFOHhnPmbeux8SLtnfWxXWsgo5hLBanKmO1
1z+I/w/6DL6ZYZU6bAJUk+eyVVImJqw0x3IEElI07Nh9MC6BA4iJ77ejobj8HI2r
q9ulRPEqH9NR79619lNKVUkE206dVlXo7xHmJS1QZy5v/GT66xBxyDVfTduPFXk=
=oP+v
-----END PGP SIGNATURE-----

  </version>
</log>
<log realm="Q2.system" at="2020-08-15T22:51:06.307" lifespan="4ms">
  <version>
    jPOS 2.1.2 master/6f9379a (2018-09-19 16:33:22 ART) 

-----BEGIN PGP SIGNED MESSAGE-----
Hash: SHA1

jPOS Community Edition, licensed under GNU AGPL v3.0.
This software is probably not suitable for commercial use.
Please see http://jpos.org/license for details.

-----BEGIN PGP SIGNATURE-----
Version: GnuPG v1.4.9 (Darwin)

iQEcBAEBAgAGBQJMolHDAAoJEOQyeO71nYtFv74H/3OgehDGEy1VXp2U3/GcAobg
HH2eZjPUz53r38ARPiU3pzm9LwDa3WZgJJaa/b9VrJwKvbPwe9+0kY3gScDE1skT
ladHt+KHHmGQArEutkzHlpZa73RbroFEIa1qmN6MaDEHGoxZqDh0Sv2cpvOaVYGO
St8ZaddLBPC17bSjAPWo9sWbvL7FgPFOHhnPmbeux8SLtnfWxXWsgo5hLBanKmO1
1z+I/w/6DL6ZYZU6bAJUk+eyVVImJqw0x3IEElI07Nh9MC6BA4iJ77ejobj8HI2r
q9ulRPEqH9NR79619lNKVUkE206dVlXo7xHmJS1QZy5v/GT66xBxyDVfTduPFXk=
=oP+v
-----END PGP SIGNATURE-----

  </version>
</log>
<log realm="Q2.system" at="2020-08-15T23:51:06.481" lifespan="55ms">
  <version>
    jPOS 2.1.2 master/6f9379a (2018-09-19 16:33:22 ART) 

-----BEGIN PGP SIGNED MESSAGE-----
Hash: SHA1

jPOS Community Edition, licensed under GNU AGPL v3.0.
This software is probably not suitable for commercial use.
Please see http://jpos.org/license for details.

-----BEGIN PGP SIGNATURE-----
Version: GnuPG v1.4.9 (Darwin)

iQEcBAEBAgAGBQJMolHDAAoJEOQyeO71nYtFv74H/3OgehDGEy1VXp2U3/GcAobg
HH2eZjPUz53r38ARPiU3pzm9LwDa3WZgJJaa/b9VrJwKvbPwe9+0kY3gScDE1skT
ladHt+KHHmGQArEutkzHlpZa73RbroFEIa1qmN6MaDEHGoxZqDh0Sv2cpvOaVYGO
St8ZaddLBPC17bSjAPWo9sWbvL7FgPFOHhnPmbeux8SLtnfWxXWsgo5hLBanKmO1
1z+I/w/6DL6ZYZU6bAJUk+eyVVImJqw0x3IEElI07Nh9MC6BA4iJ77ejobj8HI2r
q9ulRPEqH9NR79619lNKVUkE206dVlXo7xHmJS1QZy5v/GT66xBxyDVfTduPFXk=
=oP+v
-----END PGP SIGNATURE-----

  </version>
</log>
<log realm="org.jpos.q2.qbean.SystemMonitor" at="2020-08-16T00:15:53.481">
  <info>
               OS: Windows 10 (10.0)
             Java: 1.8.0_221 (Oracle Corporation) AES-secure
     process name: 29384@DESKTOP-4DN7F97
        user name: user
             host: DESKTOP-4DN7F97/127.0.0.1
              cwd: C:\Users\user\Downloads\gatewaytraining (1)\gatewaytraining
       free space: 177.5 GiB
          version: 2.1.2 (6f9379a)
         instance: 46f468c2-7a61-44d7-931f-52032b8f9f8e
           uptime: 3d 11:41:13.630 (-1.000000)
       processors: 8
           drift : 0
    memory(t/u/f): 377/115/261
         encoding: UTF-8
         timezone: Africa/Nairobi (Eastern Africa Time) +03:00
    watch service: sun.nio.fs.WindowsWatchService
            clock: 1597526153 2020-08-15T21:15:53.481Z
     thread count: 68
     peak threads: 74
     user threads: 62
            Thread[Reference Handler,10,system]
            Thread[Finalizer,8,system]
            Thread[Signal Dispatcher,9,system]
            Thread[Attach Listener,5,system]
            Thread[RMI TCP Accept-0,5,system]
            Thread[RMI Scheduler(0),5,system]
            Thread[Monitor Ctrl-Break,5,main]
            Thread[Catalina-utility-1,1,main]
            Thread[Catalina-utility-2,1,main]
            Thread[container-0,5,main]
            Thread[http-nio-6000-BlockPoller,5,main]
            Thread[http-nio-6000-exec-1,5,main]
            Thread[http-nio-6000-exec-2,5,main]
            Thread[http-nio-6000-exec-3,5,main]
            Thread[http-nio-6000-exec-4,5,main]
            Thread[http-nio-6000-exec-5,5,main]
            Thread[http-nio-6000-exec-6,5,main]
            Thread[http-nio-6000-exec-7,5,main]
            Thread[http-nio-6000-exec-8,5,main]
            Thread[http-nio-6000-exec-9,5,main]
            Thread[http-nio-6000-exec-10,5,main]
            Thread[http-nio-6000-ClientPoller,5,main]
            Thread[HikariPool-1 housekeeper,5,main]
            Thread[http-nio-6000-Acceptor,5,main]
            Thread[pool-1-thread-1,5,main]
            Thread[Q2-46f468c2-7a61-44d7-931f-52032b8f9f8e,5,main]
            Thread[Thread-173,5,main]
            Thread[Timer-0,5,main]
            Thread[Timer-1,5,main]
            Thread[Thread-180,5,main]
            Thread[FileDeletionDetector,5,main]
            Thread[LogFlusher,5,main]
            Thread[DataCorruptionVerifier,5,main]
            Thread[INCompressor,5,main]
            Thread[Cleaner-1,5,main]
            Thread[Checkpointer,5,main]
            Thread[StatCapture,5,main]
            Thread[Thread-184,5,main]
            Thread[Timer-2,5,main]
            Thread[SimpleTransactionManager-1:idle,5,main]
            Thread[SimpleTransactionManager-2:idle,5,main]
            Thread[SimpleTransactionManager-0:idle,5,main]
            Thread[SimpleTransactionManager-6:idle,5,main]
            Thread[SimpleTransactionManager-4:idle,5,main]
            Thread[SimpleTransactionManager-5:idle,5,main]
            Thread[SimpleTransactionManager-3:idle,5,main]
            Thread[SimpleTransactionManager-7:idle,5,main]
            Thread[SimpleTransactionManager-8:idle,5,main]
            Thread[SimpleTransactionManager-12:idle,5,main]
            Thread[SimpleTransactionManager-11:idle,5,main]
            Thread[SimpleTransactionManager-10:idle,5,main]
            Thread[SimpleTransactionManager-9:idle,5,main]
            Thread[SimpleTransactionManager-13:idle,5,main]
            Thread[SimpleTransactionManager-15:idle,5,main]
            Thread[SimpleTransactionManager-14:idle,5,main]
            Thread[SimpleTransactionManager-16:idle,5,main]
            Thread[SimpleTransactionManager-17:idle,5,main]
            Thread[SimpleTransactionManager-19:idle,5,main]
            Thread[SimpleTransactionManager-18:idle,5,main]
            Thread[SimpleTransactionManager-20:idle,5,main]
            Thread[SimpleTransactionManager-23:idle,5,main]
            Thread[SimpleTransactionManager-21:idle,5,main]
            Thread[SimpleTransactionManager-22:idle,5,main]
            Thread[pool-2-thread-1,5,main]
            Thread[SimpleTransactionManager-input-queue-monitor,5,main]
            Thread[SystemMonitor,5,main]
            Thread[DestroyJavaVM,5,main]
            Thread[ISOServer-ThreadPool.PooledThread-0,5,ISOServer-ThreadPool-0]
    name-registrar:
      tspace:default: org.jpos.space.TSpace
         key-count: 0
            gcinfo: 0,0
      tspace:txnmgr: org.jpos.space.TSpace
         key-count: 0
            gcinfo: 0,0
      ISOServer: org.jpos.q2.iso.QServer
      Q2: org.jpos.q2.Q2
      server.ISOServer: org.jpos.iso.ISOServer
        connected=0, rx=0, tx=0, last=0
      logger.Q2: org.jpos.util.Logger
      transient:default: org.jpos.space.TSpace
        <key count='1'>$TAILLOCK.194207090</key>
         key-count: 1
            gcinfo: 0,0
      logger.Q2.buffered: org.jpos.util.BufferedLogListener
      je:txnmgr: org.jpos.space.JESpace
        <key size='1'>$HEAD</key>
        <key size='1'>$TAIL</key>
        <keycount>2</keycount>
      SimpleTransactionManager: org.jpos.transaction.TransactionManager
        in-transit=0/0, head=1, tail=1, paused=0, outstanding=0, active-sessions=24/4096, tps=0, peak=0, avg=0.00
  </info>
</log>
<log realm="Q2.system" at="2020-08-16T00:51:08.569" lifespan="3ms">
  <version>
    jPOS 2.1.2 master/6f9379a (2018-09-19 16:33:22 ART) 

-----BEGIN PGP SIGNED MESSAGE-----
Hash: SHA1

jPOS Community Edition, licensed under GNU AGPL v3.0.
This software is probably not suitable for commercial use.
Please see http://jpos.org/license for details.

-----BEGIN PGP SIGNATURE-----
Version: GnuPG v1.4.9 (Darwin)

iQEcBAEBAgAGBQJMolHDAAoJEOQyeO71nYtFv74H/3OgehDGEy1VXp2U3/GcAobg
HH2eZjPUz53r38ARPiU3pzm9LwDa3WZgJJaa/b9VrJwKvbPwe9+0kY3gScDE1skT
ladHt+KHHmGQArEutkzHlpZa73RbroFEIa1qmN6MaDEHGoxZqDh0Sv2cpvOaVYGO
St8ZaddLBPC17bSjAPWo9sWbvL7FgPFOHhnPmbeux8SLtnfWxXWsgo5hLBanKmO1
1z+I/w/6DL6ZYZU6bAJUk+eyVVImJqw0x3IEElI07Nh9MC6BA4iJ77ejobj8HI2r
q9ulRPEqH9NR79619lNKVUkE206dVlXo7xHmJS1QZy5v/GT66xBxyDVfTduPFXk=
=oP+v
-----END PGP SIGNATURE-----

  </version>
</log>
<log realm="Q2.system" at="2020-08-16T01:51:10.690" lifespan="12ms">
  <version>
    jPOS 2.1.2 master/6f9379a (2018-09-19 16:33:22 ART) 

-----BEGIN PGP SIGNED MESSAGE-----
Hash: SHA1

jPOS Community Edition, licensed under GNU AGPL v3.0.
This software is probably not suitable for commercial use.
Please see http://jpos.org/license for details.

-----BEGIN PGP SIGNATURE-----
Version: GnuPG v1.4.9 (Darwin)

iQEcBAEBAgAGBQJMolHDAAoJEOQyeO71nYtFv74H/3OgehDGEy1VXp2U3/GcAobg
HH2eZjPUz53r38ARPiU3pzm9LwDa3WZgJJaa/b9VrJwKvbPwe9+0kY3gScDE1skT
ladHt+KHHmGQArEutkzHlpZa73RbroFEIa1qmN6MaDEHGoxZqDh0Sv2cpvOaVYGO
St8ZaddLBPC17bSjAPWo9sWbvL7FgPFOHhnPmbeux8SLtnfWxXWsgo5hLBanKmO1
1z+I/w/6DL6ZYZU6bAJUk+eyVVImJqw0x3IEElI07Nh9MC6BA4iJ77ejobj8HI2r
q9ulRPEqH9NR79619lNKVUkE206dVlXo7xHmJS1QZy5v/GT66xBxyDVfTduPFXk=
=oP+v
-----END PGP SIGNATURE-----

  </version>
</log>
<log realm="Q2.system" at="2020-08-16T02:51:12.848" lifespan="39ms">
  <version>
    jPOS 2.1.2 master/6f9379a (2018-09-19 16:33:22 ART) 

-----BEGIN PGP SIGNED MESSAGE-----
Hash: SHA1

jPOS Community Edition, licensed under GNU AGPL v3.0.
This software is probably not suitable for commercial use.
Please see http://jpos.org/license for details.

-----BEGIN PGP SIGNATURE-----
Version: GnuPG v1.4.9 (Darwin)

iQEcBAEBAgAGBQJMolHDAAoJEOQyeO71nYtFv74H/3OgehDGEy1VXp2U3/GcAobg
HH2eZjPUz53r38ARPiU3pzm9LwDa3WZgJJaa/b9VrJwKvbPwe9+0kY3gScDE1skT
ladHt+KHHmGQArEutkzHlpZa73RbroFEIa1qmN6MaDEHGoxZqDh0Sv2cpvOaVYGO
St8ZaddLBPC17bSjAPWo9sWbvL7FgPFOHhnPmbeux8SLtnfWxXWsgo5hLBanKmO1
1z+I/w/6DL6ZYZU6bAJUk+eyVVImJqw0x3IEElI07Nh9MC6BA4iJ77ejobj8HI2r
q9ulRPEqH9NR79619lNKVUkE206dVlXo7xHmJS1QZy5v/GT66xBxyDVfTduPFXk=
=oP+v
-----END PGP SIGNATURE-----

  </version>
</log>
<log realm="Q2.system" at="2020-08-16T03:51:14.976" lifespan="3ms">
  <version>
    jPOS 2.1.2 master/6f9379a (2018-09-19 16:33:22 ART) 

-----BEGIN PGP SIGNED MESSAGE-----
Hash: SHA1

jPOS Community Edition, licensed under GNU AGPL v3.0.
This software is probably not suitable for commercial use.
Please see http://jpos.org/license for details.

-----BEGIN PGP SIGNATURE-----
Version: GnuPG v1.4.9 (Darwin)

iQEcBAEBAgAGBQJMolHDAAoJEOQyeO71nYtFv74H/3OgehDGEy1VXp2U3/GcAobg
HH2eZjPUz53r38ARPiU3pzm9LwDa3WZgJJaa/b9VrJwKvbPwe9+0kY3gScDE1skT
ladHt+KHHmGQArEutkzHlpZa73RbroFEIa1qmN6MaDEHGoxZqDh0Sv2cpvOaVYGO
St8ZaddLBPC17bSjAPWo9sWbvL7FgPFOHhnPmbeux8SLtnfWxXWsgo5hLBanKmO1
1z+I/w/6DL6ZYZU6bAJUk+eyVVImJqw0x3IEElI07Nh9MC6BA4iJ77ejobj8HI2r
q9ulRPEqH9NR79619lNKVUkE206dVlXo7xHmJS1QZy5v/GT66xBxyDVfTduPFXk=
=oP+v
-----END PGP SIGNATURE-----

  </version>
</log>
<log realm="rotate-log-listener" at="Sun Aug 16 04:36:31 EAT 2020">
   time exceeded - log rotated
</log>
</logger>
